  Application.cpp
c:\visualstudio\repos\tank_project\tankproject\tankproject\World.hpp(74): error C2059: syntax error: '<<'
c:\visualstudio\repos\tank_project\tankproject\tankproject\World.hpp(75): error C2238: unexpected token(s) preceding ';'
c:\visualstudio\repos\tank_project\tankproject\tankproject\World.hpp(76): error C2059: syntax error: '=='
c:\visualstudio\repos\tank_project\tankproject\tankproject\World.hpp(77): error C2238: unexpected token(s) preceding ';'
c:\visualstudio\repos\tank_project\tankproject\tankproject\World.hpp(78): error C2059: syntax error: '>>'
c:\visualstudio\repos\tank_project\tankproject\tankproject\World.hpp(80): error C2334: unexpected token(s) preceding ':'; skipping apparent function body
c:\visualstudio\repos\tank_project\tankproject\tankproject\GameState.hpp(21): error C2079: 'World::GameState::mWorld' uses undefined class 'World'
C:\VisualStudio\repos\tank_project\TankProject\sfml\include\SFML/System/Sleep.hpp(35): error C2059: syntax error: 'namespace'
C:\VisualStudio\repos\tank_project\TankProject\sfml\include\SFML/System/Sleep.hpp(36): error C2334: unexpected token(s) preceding '{'; skipping apparent function body
C:\VisualStudio\repos\tank_project\TankProject\sfml\include\SFML/Network/IpAddress.hpp(38): error C2059: syntax error: 'namespace'
C:\VisualStudio\repos\tank_project\TankProject\sfml\include\SFML/Network/IpAddress.hpp(39): error C2334: unexpected token(s) preceding '{'; skipping apparent function body
C:\VisualStudio\repos\tank_project\TankProject\sfml\include\SFML/Network/TcpListener.hpp(36): error C2059: syntax error: 'namespace'
C:\VisualStudio\repos\tank_project\TankProject\sfml\include\SFML/Network/TcpListener.hpp(37): error C2334: unexpected token(s) preceding '{'; skipping apparent function body
c:\visualstudio\repos\tank_project\tankproject\tankproject\GameServer.hpp(74): error C2079: 'World::GameServer::mListenerSocket' uses undefined class 'sf::TcpListener'
C:\VisualStudio\repos\tank_project\TankProject\sfml\include\SFML/Network/Packet.hpp(36): error C2059: syntax error: 'namespace'
C:\VisualStudio\repos\tank_project\TankProject\sfml\include\SFML/Network/Packet.hpp(37): error C2334: unexpected token(s) preceding '{'; skipping apparent function body
c:\visualstudio\repos\tank_project\tankproject\tankproject\MultiplayerGameState.hpp(39): error C2079: 'World::MultiplayerGameState::mWorld' uses undefined class 'World'
c:\visualstudio\repos\tank_project\tankproject\tankproject\Component.hpp(9): error C2059: syntax error: 'namespace'
c:\visualstudio\repos\tank_project\tankproject\tankproject\Component.hpp(10): error C2334: unexpected token(s) preceding '{'; skipping apparent function body
c:\visualstudio\repos\tank_project\tankproject\tankproject\Component.hpp(14): error C2059: syntax error: 'namespace'
c:\visualstudio\repos\tank_project\tankproject\tankproject\Component.hpp(15): error C2334: unexpected token(s) preceding '{'; skipping apparent function body
c:\visualstudio\repos\tank_project\tankproject\tankproject\Container.hpp(8): error C2059: syntax error: 'namespace'
c:\visualstudio\repos\tank_project\tankproject\tankproject\Container.hpp(9): error C2334: unexpected token(s) preceding '{'; skipping apparent function body
c:\visualstudio\repos\tank_project\tankproject\tankproject\MenuState.hpp(19): error C2653: 'GUI': is not a class or namespace name
c:\visualstudio\repos\tank_project\tankproject\tankproject\MenuState.hpp(19): error C3646: 'mGUIContainer': unknown override specifier
c:\visualstudio\repos\tank_project\tankproject\tankproject\MenuState.hpp(19): error C4430: missing type specifier - int assumed. Note: C++ does not support default-int
c:\visualstudio\repos\tank_project\tankproject\tankproject\PauseState.hpp(23): error C2653: 'GUI': is not a class or namespace name
c:\visualstudio\repos\tank_project\tankproject\tankproject\PauseState.hpp(23): error C3646: 'mGUIContainer': unknown override specifier
c:\visualstudio\repos\tank_project\tankproject\tankproject\PauseState.hpp(23): error C4430: missing type specifier - int assumed. Note: C++ does not support default-int
c:\visualstudio\repos\tank_project\tankproject\tankproject\Button.hpp(16): error C2059: syntax error: 'namespace'
c:\visualstudio\repos\tank_project\tankproject\tankproject\Button.hpp(17): error C2334: unexpected token(s) preceding '{'; skipping apparent function body
c:\visualstudio\repos\tank_project\tankproject\tankproject\Label.hpp(9): error C2059: syntax error: 'namespace'
c:\visualstudio\repos\tank_project\tankproject\tankproject\Label.hpp(10): error C2334: unexpected token(s) preceding '{'; skipping apparent function body
c:\visualstudio\repos\tank_project\tankproject\tankproject\SettingsState.hpp(31): error C2653: 'GUI': is not a class or namespace name
c:\visualstudio\repos\tank_project\tankproject\tankproject\SettingsState.hpp(31): error C3646: 'mGUIContainer': unknown override specifier
c:\visualstudio\repos\tank_project\tankproject\tankproject\SettingsState.hpp(31): error C4430: missing type specifier - int assumed. Note: C++ does not support default-int
c:\visualstudio\repos\tank_project\tankproject\tankproject\SettingsState.hpp(32): error C2653: 'GUI': is not a class or namespace name
c:\visualstudio\repos\tank_project\tankproject\tankproject\SettingsState.hpp(33): error C2653: 'GUI': is not a class or namespace name
Application.cpp(15): error C2838: 'TimePerFrame': illegal qualified name in member declaration
Application.cpp(18): error C3254: 'World': class contains explicit override '{ctor}' but does not derive from an interface that contains the function declaration
Application.cpp(18): error C2838: '{ctor}': illegal qualified name in member declaration
Application.cpp(49): error C3254: 'World': class contains explicit override 'run' but does not derive from an interface that contains the function declaration
Application.cpp(49): error C2838: 'run': illegal qualified name in member declaration
Application.cpp(75): error C3254: 'World': class contains explicit override 'processInput' but does not derive from an interface that contains the function declaration
Application.cpp(75): error C2838: 'processInput': illegal qualified name in member declaration
Application.cpp(87): error C3254: 'World': class contains explicit override 'update' but does not derive from an interface that contains the function declaration
Application.cpp(87): error C2838: 'update': illegal qualified name in member declaration
Application.cpp(87): error C2535: 'void World::update(sf::Time)': member function already defined or declared
  c:\visualstudio\repos\tank_project\tankproject\tankproject\World.hpp(35): note: see declaration of 'World::update'
Application.cpp(92): error C3254: 'World': class contains explicit override 'render' but does not derive from an interface that contains the function declaration
Application.cpp(92): error C2838: 'render': illegal qualified name in member declaration
Application.cpp(104): error C3254: 'World': class contains explicit override 'updateStatistics' but does not derive from an interface that contains the function declaration
Application.cpp(104): error C2838: 'updateStatistics': illegal qualified name in member declaration
Application.cpp(117): error C3254: 'World': class contains explicit override 'registerStates' but does not derive from an interface that contains the function declaration
Application.cpp(117): error C2838: 'registerStates': illegal qualified name in member declaration
Application.cpp(129): fatal error C1004: unexpected end-of-file found
  Base.cpp
  BloomEffect.cpp
  Command.cpp
  CommandQueue.cpp
  DataTables.cpp
  EmitterNode.cpp
  Entity.cpp
Entity.cpp(43): warning C4244: 'argument': conversion from 'double' to 'float', possible loss of data
  GameOverState.cpp
  GameServer.cpp
  GameState.cpp
c:\visualstudio\repos\tank_project\tankproject\tankproject\World.hpp(74): error C2059: syntax error: '<<'
c:\visualstudio\repos\tank_project\tankproject\tankproject\World.hpp(75): error C2238: unexpected token(s) preceding ';'
c:\visualstudio\repos\tank_project\tankproject\tankproject\World.hpp(76): error C2059: syntax error: '=='
c:\visualstudio\repos\tank_project\tankproject\tankproject\World.hpp(77): error C2238: unexpected token(s) preceding ';'
c:\visualstudio\repos\tank_project\tankproject\tankproject\World.hpp(78): error C2059: syntax error: '>>'
c:\visualstudio\repos\tank_project\tankproject\tankproject\World.hpp(80): error C2334: unexpected token(s) preceding ':'; skipping apparent function body
c:\visualstudio\repos\tank_project\tankproject\tankproject\KeyBinding.hpp(8): error C2059: syntax error: 'namespace'
c:\visualstudio\repos\tank_project\tankproject\tankproject\KeyBinding.hpp(9): error C2334: unexpected token(s) preceding '{'; skipping apparent function body
c:\visualstudio\repos\tank_project\tankproject\tankproject\KeyBinding.hpp(27): error C2653: 'PlayerAction': is not a class or namespace name
c:\visualstudio\repos\tank_project\tankproject\tankproject\KeyBinding.hpp(27): error C3646: 'Action': unknown override specifier
c:\visualstudio\repos\tank_project\tankproject\tankproject\KeyBinding.hpp(27): error C4430: missing type specifier - int assumed. Note: C++ does not support default-int
c:\visualstudio\repos\tank_project\tankproject\tankproject\KeyBinding.hpp(33): error C2061: syntax error: identifier 'Action'
c:\visualstudio\repos\tank_project\tankproject\tankproject\KeyBinding.hpp(34): error C2061: syntax error: identifier 'Action'
c:\visualstudio\repos\tank_project\tankproject\tankproject\KeyBinding.hpp(36): error C2061: syntax error: identifier 'Action'
c:\visualstudio\repos\tank_project\tankproject\tankproject\KeyBinding.hpp(37): error C2065: 'Action': undeclared identifier
c:\visualstudio\repos\tank_project\tankproject\tankproject\KeyBinding.hpp(37): error C2923: 'std::vector': 'Action' is not a valid template type argument for parameter '_Ty'
c:\visualstudio\repos\tank_project\tankproject\tankproject\KeyBinding.hpp(45): error C2065: 'Action': undeclared identifier
c:\visualstudio\repos\tank_project\tankproject\tankproject\KeyBinding.hpp(45): error C2923: 'std::map': 'Action' is not a valid template type argument for parameter '_Ty'
c:\visualstudio\repos\tank_project\tankproject\tankproject\KeyBinding.hpp(46): warning C4624: 'World::KeyBinding': destructor was implicitly defined as deleted
c:\visualstudio\repos\tank_project\tankproject\tankproject\KeyBinding.hpp(48): error C2653: 'PlayerAction': is not a class or namespace name
c:\visualstudio\repos\tank_project\tankproject\tankproject\KeyBinding.hpp(48): error C2061: syntax error: identifier 'Type'
C:\Program Files (x86)\Windows Kits\8.1\Include\shared\basetsd.h(67): error C2059: syntax error: 'string'
C:\Program Files (x86)\Windows Kits\8.1\Include\shared\basetsd.h(67): error C2334: unexpected token(s) preceding '{'; skipping apparent function body
C:\VisualStudio\repos\tank_project\TankProject\sfml\include\SFML/Network/SocketHandle.hpp(38): error C2059: syntax error: 'namespace'
C:\VisualStudio\repos\tank_project\TankProject\sfml\include\SFML/Network/SocketHandle.hpp(39): error C2334: unexpected token(s) preceding '{'; skipping apparent function body
C:\VisualStudio\repos\tank_project\TankProject\sfml\include\SFML/Network/Socket.hpp(37): error C2059: syntax error: 'namespace'
C:\VisualStudio\repos\tank_project\TankProject\sfml\include\SFML/Network/Socket.hpp(38): error C2334: unexpected token(s) preceding '{'; skipping apparent function body
C:\VisualStudio\repos\tank_project\TankProject\sfml\include\SFML/Network/TcpSocket.hpp(36): error C2059: syntax error: 'namespace'
C:\VisualStudio\repos\tank_project\TankProject\sfml\include\SFML/Network/TcpSocket.hpp(37): error C2334: unexpected token(s) preceding '{'; skipping apparent function body
c:\visualstudio\repos\tank_project\tankproject\tankproject\Player.hpp(18): error C2653: 'PlayerAction': is not a class or namespace name
c:\visualstudio\repos\tank_project\tankproject\tankproject\Player.hpp(18): error C3646: 'Action': unknown override specifier
c:\visualstudio\repos\tank_project\tankproject\tankproject\Player.hpp(18): error C4430: missing type specifier - int assumed. Note: C++ does not support default-int
c:\visualstudio\repos\tank_project\tankproject\tankproject\Player.hpp(29): error C2039: 'TcpSocket': is not a member of 'sf'
  c:\visualstudio\repos\tank_project\tankproject\tankproject\World.hpp(24): note: see declaration of 'sf'
c:\visualstudio\repos\tank_project\tankproject\tankproject\Player.hpp(29): error C2061: syntax error: identifier 'TcpSocket'
c:\visualstudio\repos\tank_project\tankproject\tankproject\Player.hpp(36): error C2061: syntax error: identifier 'Action'
c:\visualstudio\repos\tank_project\tankproject\tankproject\Player.hpp(37): error C2061: syntax error: identifier 'Action'
c:\visualstudio\repos\tank_project\tankproject\tankproject\Player.hpp(51): error C2065: 'Action': undeclared identifier
c:\visualstudio\repos\tank_project\tankproject\tankproject\Player.hpp(51): error C2923: 'std::map': 'Action' is not a valid template type argument for parameter '_Kty'
c:\visualstudio\repos\tank_project\tankproject\tankproject\Player.hpp(52): error C2065: 'Action': undeclared identifier
c:\visualstudio\repos\tank_project\tankproject\tankproject\Player.hpp(52): error C2923: 'std::map': 'Action' is not a valid template type argument for parameter '_Kty'
c:\visualstudio\repos\tank_project\tankproject\tankproject\Player.hpp(55): error C2039: 'TcpSocket': is not a member of 'sf'
  c:\visualstudio\repos\tank_project\tankproject\tankproject\World.hpp(24): note: see declaration of 'sf'
c:\visualstudio\repos\tank_project\tankproject\tankproject\Player.hpp(55): error C2143: syntax error: missing ';' before '*'
c:\visualstudio\repos\tank_project\tankproject\tankproject\Player.hpp(55): error C4430: missing type specifier - int assumed. Note: C++ does not support default-int
c:\visualstudio\repos\tank_project\tankproject\tankproject\Player.hpp(55): error C2238: unexpected token(s) preceding ';'
c:\visualstudio\repos\tank_project\tankproject\tankproject\Player.hpp(56): warning C4624: 'World::Player': destructor was implicitly defined as deleted
c:\visualstudio\repos\tank_project\tankproject\tankproject\GameState.hpp(21): error C2079: 'World::GameState::mWorld' uses undefined class 'World'
c:\visualstudio\repos\tank_project\tankproject\tankproject\GameState.hpp(23): warning C4624: 'World::GameState': destructor was implicitly defined as deleted
c:\visualstudio\repos\tank_project\tankproject\tankproject\GameState.hpp(23): error C2282: 'World::GameState::~GameState' cannot override 'State::~State'
  c:\visualstudio\repos\tank_project\tankproject\tankproject\State.hpp(42): note: 'State::~State' is not deleted
C:\VisualStudio\repos\tank_project\TankProject\sfml\include\SFML/System/Thread.hpp(36): error C2059: syntax error: 'namespace'
C:\VisualStudio\repos\tank_project\TankProject\sfml\include\SFML/System/Thread.hpp(37): error C2334: unexpected token(s) preceding '{'; skipping apparent function body
C:\VisualStudio\repos\tank_project\TankProject\sfml\include\SFML/System/Mutex.hpp(35): error C2059: syntax error: 'namespace'
C:\VisualStudio\repos\tank_project\TankProject\sfml\include\SFML/System/Mutex.hpp(36): error C2334: unexpected token(s) preceding '{'; skipping apparent function body
C:\VisualStudio\repos\tank_project\TankProject\sfml\include\SFML/Audio/SoundStream.hpp(39): error C2059: syntax error: 'namespace'
C:\VisualStudio\repos\tank_project\TankProject\sfml\include\SFML/Audio/SoundStream.hpp(40): error C2334: unexpected token(s) preceding '{'; skipping apparent function body
C:\VisualStudio\repos\tank_project\TankProject\sfml\include\SFML/Audio/InputSoundFile.hpp(37): error C2059: syntax error: 'namespace'
C:\VisualStudio\repos\tank_project\TankProject\sfml\include\SFML/Audio/InputSoundFile.hpp(38): error C2334: unexpected token(s) preceding '{'; skipping apparent function body
C:\VisualStudio\repos\tank_project\TankProject\sfml\include\SFML/Audio/Music.hpp(40): error C2059: syntax error: 'namespace'
C:\VisualStudio\repos\tank_project\TankProject\sfml\include\SFML/Audio/Music.hpp(41): error C2334: unexpected token(s) preceding '{'; skipping apparent function body
c:\visualstudio\repos\tank_project\tankproject\tankproject\MusicPlayer.hpp(23): error C2039: 'Music': is not a member of 'sf'
  c:\visualstudio\repos\tank_project\tankproject\tankproject\World.hpp(24): note: see declaration of 'sf'
c:\visualstudio\repos\tank_project\tankproject\tankproject\MusicPlayer.hpp(23): error C3646: 'mMusic': unknown override specifier
c:\visualstudio\repos\tank_project\tankproject\tankproject\MusicPlayer.hpp(23): error C4430: missing type specifier - int assumed. Note: C++ does not support default-int
C:\VisualStudio\repos\tank_project\TankProject\sfml\include\SFML/Window/ContextSettings.hpp(29): error C2059: syntax error: 'namespace'
C:\VisualStudio\repos\tank_project\TankProject\sfml\include\SFML/Window/ContextSettings.hpp(30): error C2334: unexpected token(s) preceding '{'; skipping apparent function body
C:\VisualStudio\repos\tank_project\TankProject\sfml\include\SFML/Window/VideoMode.hpp(35): error C2059: syntax error: 'namespace'
C:\VisualStudio\repos\tank_project\TankProject\sfml\include\SFML/Window/VideoMode.hpp(36): error C2334: unexpected token(s) preceding '{'; skipping apparent function body
C:\VisualStudio\repos\tank_project\TankProject\sfml\include\SFML/Window/WindowHandle.hpp(38): error C2059: syntax error: 'namespace'
C:\VisualStudio\repos\tank_project\TankProject\sfml\include\SFML/Window/WindowHandle.hpp(39): error C2334: unexpected token(s) preceding '{'; skipping apparent function body
C:\VisualStudio\repos\tank_project\TankProject\sfml\include\SFML/Window/WindowStyle.hpp(29): error C2059: syntax error: 'namespace'
C:\VisualStudio\repos\tank_project\TankProject\sfml\include\SFML/Window/WindowStyle.hpp(30): error C2334: unexpected token(s) preceding '{'; skipping apparent function body
C:\VisualStudio\repos\tank_project\TankProject\sfml\include\SFML/System/Clock.hpp(35): error C2059: syntax error: 'namespace'
C:\VisualStudio\repos\tank_project\TankProject\sfml\include\SFML/System/Clock.hpp(36): error C2334: unexpected token(s) preceding '{'; skipping apparent function body
C:\VisualStudio\repos\tank_project\TankProject\sfml\include\SFML/Window/Window.hpp(43): error C2059: syntax error: 'namespace'
C:\VisualStudio\repos\tank_project\TankProject\sfml\include\SFML/Window/Window.hpp(44): error C2334: unexpected token(s) preceding '{'; skipping apparent function body
C:\VisualStudio\repos\tank_project\TankProject\sfml\include\SFML/Graphics/RenderWindow.hpp(38): error C2059: syntax error: 'namespace'
C:\VisualStudio\repos\tank_project\TankProject\sfml\include\SFML/Graphics/RenderWindow.hpp(39): error C2334: unexpected token(s) preceding '{'; skipping apparent function body
GameState.cpp(7): error C3254: 'World': class contains explicit override '{ctor}' but does not derive from an interface that contains the function declaration
GameState.cpp(7): error C2838: '{ctor}': illegal qualified name in member declaration
GameState.cpp(19): error C3254: 'World': class contains explicit override 'draw' but does not derive from an interface that contains the function declaration
GameState.cpp(19): error C2838: 'draw': illegal qualified name in member declaration
GameState.cpp(19): error C2535: 'void World::draw(void)': member function already defined or declared
  c:\visualstudio\repos\tank_project\tankproject\tankproject\World.hpp(36): note: see declaration of 'World::draw'
GameState.cpp(24): error C3254: 'World': class contains explicit override 'update' but does not derive from an interface that contains the function declaration
GameState.cpp(24): error C2838: 'update': illegal qualified name in member declaration
GameState.cpp(24): error C2556: 'bool World::update(sf::Time)': overloaded function differs only by return type from 'void World::update(sf::Time)'
  c:\visualstudio\repos\tank_project\tankproject\tankproject\World.hpp(35): note: see declaration of 'World::update'
GameState.cpp(24): error C2371: 'World::update': redefinition; different basic types
  c:\visualstudio\repos\tank_project\tankproject\tankproject\World.hpp(35): note: see declaration of 'World::update'
GameState.cpp(25): error C3927: '->': trailing return type is not allowed after a non-function declarator
GameState.cpp(25): error C3484: syntax error: expected '->' before the return type
GameState.cpp(25): error C3613: missing return type after '->' ('int' assumed)
GameState.cpp(25): error C3646: 'update': unknown override specifier
GameState.cpp(25): error C2059: syntax error: '('
GameState.cpp(25): error C2238: unexpected token(s) preceding ';'
GameState.cpp(27): error C2059: syntax error: 'if'
GameState.cpp(28): error C2334: unexpected token(s) preceding '{'; skipping apparent function body
GameState.cpp(32): error C2059: syntax error: 'else'
GameState.cpp(33): error C2334: unexpected token(s) preceding '{'; skipping apparent function body
GameState.cpp(39): error C3927: '->': trailing return type is not allowed after a non-function declarator
GameState.cpp(39): error C3484: syntax error: expected '->' before the return type
GameState.cpp(39): error C3613: missing return type after '->' ('int' assumed)
GameState.cpp(39): error C3646: 'handleRealtimeInput': unknown override specifier
GameState.cpp(39): error C2059: syntax error: '('
GameState.cpp(39): error C2238: unexpected token(s) preceding ';'
GameState.cpp(41): error C2059: syntax error: 'return'
GameState.cpp(41): error C2238: unexpected token(s) preceding ';'
GameState.cpp(44): error C2628: 'World' followed by 'bool' is illegal (did you forget a ';'?)
GameState.cpp(44): error C2653: 'GameState': is not a class or namespace name
GameState.cpp(47): error C2065: 'mWorld': undeclared identifier
GameState.cpp(47): error C2228: left of '.getCommandQueue' must have class/struct/union
  GameState.cpp(47): note: type is 'unknown-type'
GameState.cpp(47): error C2530: 'commands': references must be initialized
GameState.cpp(48): error C2065: 'mPlayer': undeclared identifier
GameState.cpp(48): fatal error C1003: error count exceeds 100; stopping compilation
  Label.cpp
  main.cpp
  MenuState.cpp
  MultiplayerGameState.cpp
c:\visualstudio\repos\tank_project\tankproject\tankproject\World.hpp(74): error C2059: syntax error: '<<'
c:\visualstudio\repos\tank_project\tankproject\tankproject\World.hpp(75): error C2238: unexpected token(s) preceding ';'
c:\visualstudio\repos\tank_project\tankproject\tankproject\World.hpp(76): error C2059: syntax error: '=='
c:\visualstudio\repos\tank_project\tankproject\tankproject\World.hpp(77): error C2238: unexpected token(s) preceding ';'
c:\visualstudio\repos\tank_project\tankproject\tankproject\World.hpp(78): error C2059: syntax error: '>>'
c:\visualstudio\repos\tank_project\tankproject\tankproject\World.hpp(80): error C2334: unexpected token(s) preceding ':'; skipping apparent function body
c:\visualstudio\repos\tank_project\tankproject\tankproject\KeyBinding.hpp(8): error C2059: syntax error: 'namespace'
c:\visualstudio\repos\tank_project\tankproject\tankproject\KeyBinding.hpp(9): error C2334: unexpected token(s) preceding '{'; skipping apparent function body
c:\visualstudio\repos\tank_project\tankproject\tankproject\KeyBinding.hpp(27): error C2653: 'PlayerAction': is not a class or namespace name
c:\visualstudio\repos\tank_project\tankproject\tankproject\KeyBinding.hpp(27): error C3646: 'Action': unknown override specifier
c:\visualstudio\repos\tank_project\tankproject\tankproject\KeyBinding.hpp(27): error C4430: missing type specifier - int assumed. Note: C++ does not support default-int
c:\visualstudio\repos\tank_project\tankproject\tankproject\KeyBinding.hpp(33): error C2061: syntax error: identifier 'Action'
c:\visualstudio\repos\tank_project\tankproject\tankproject\KeyBinding.hpp(34): error C2061: syntax error: identifier 'Action'
c:\visualstudio\repos\tank_project\tankproject\tankproject\KeyBinding.hpp(36): error C2061: syntax error: identifier 'Action'
c:\visualstudio\repos\tank_project\tankproject\tankproject\KeyBinding.hpp(37): error C2065: 'Action': undeclared identifier
c:\visualstudio\repos\tank_project\tankproject\tankproject\KeyBinding.hpp(37): error C2923: 'std::vector': 'Action' is not a valid template type argument for parameter '_Ty'
c:\visualstudio\repos\tank_project\tankproject\tankproject\KeyBinding.hpp(45): error C2065: 'Action': undeclared identifier
c:\visualstudio\repos\tank_project\tankproject\tankproject\KeyBinding.hpp(45): error C2923: 'std::map': 'Action' is not a valid template type argument for parameter '_Ty'
c:\visualstudio\repos\tank_project\tankproject\tankproject\KeyBinding.hpp(46): warning C4624: 'World::KeyBinding': destructor was implicitly defined as deleted
c:\visualstudio\repos\tank_project\tankproject\tankproject\KeyBinding.hpp(48): error C2653: 'PlayerAction': is not a class or namespace name
c:\visualstudio\repos\tank_project\tankproject\tankproject\KeyBinding.hpp(48): error C2061: syntax error: identifier 'Type'
C:\Program Files (x86)\Windows Kits\8.1\Include\shared\basetsd.h(67): error C2059: syntax error: 'string'
C:\Program Files (x86)\Windows Kits\8.1\Include\shared\basetsd.h(67): error C2334: unexpected token(s) preceding '{'; skipping apparent function body
C:\VisualStudio\repos\tank_project\TankProject\sfml\include\SFML/Network/SocketHandle.hpp(38): error C2059: syntax error: 'namespace'
C:\VisualStudio\repos\tank_project\TankProject\sfml\include\SFML/Network/SocketHandle.hpp(39): error C2334: unexpected token(s) preceding '{'; skipping apparent function body
C:\VisualStudio\repos\tank_project\TankProject\sfml\include\SFML/Network/Socket.hpp(37): error C2059: syntax error: 'namespace'
C:\VisualStudio\repos\tank_project\TankProject\sfml\include\SFML/Network/Socket.hpp(38): error C2334: unexpected token(s) preceding '{'; skipping apparent function body
C:\VisualStudio\repos\tank_project\TankProject\sfml\include\SFML/Network/TcpSocket.hpp(36): error C2059: syntax error: 'namespace'
C:\VisualStudio\repos\tank_project\TankProject\sfml\include\SFML/Network/TcpSocket.hpp(37): error C2334: unexpected token(s) preceding '{'; skipping apparent function body
c:\visualstudio\repos\tank_project\tankproject\tankproject\Player.hpp(18): error C2653: 'PlayerAction': is not a class or namespace name
c:\visualstudio\repos\tank_project\tankproject\tankproject\Player.hpp(18): error C3646: 'Action': unknown override specifier
c:\visualstudio\repos\tank_project\tankproject\tankproject\Player.hpp(18): error C4430: missing type specifier - int assumed. Note: C++ does not support default-int
c:\visualstudio\repos\tank_project\tankproject\tankproject\Player.hpp(29): error C2039: 'TcpSocket': is not a member of 'sf'
  c:\visualstudio\repos\tank_project\tankproject\tankproject\World.hpp(24): note: see declaration of 'sf'
c:\visualstudio\repos\tank_project\tankproject\tankproject\Player.hpp(29): error C2061: syntax error: identifier 'TcpSocket'
c:\visualstudio\repos\tank_project\tankproject\tankproject\Player.hpp(36): error C2061: syntax error: identifier 'Action'
c:\visualstudio\repos\tank_project\tankproject\tankproject\Player.hpp(37): error C2061: syntax error: identifier 'Action'
c:\visualstudio\repos\tank_project\tankproject\tankproject\Player.hpp(51): error C2065: 'Action': undeclared identifier
c:\visualstudio\repos\tank_project\tankproject\tankproject\Player.hpp(51): error C2923: 'std::map': 'Action' is not a valid template type argument for parameter '_Kty'
c:\visualstudio\repos\tank_project\tankproject\tankproject\Player.hpp(52): error C2065: 'Action': undeclared identifier
c:\visualstudio\repos\tank_project\tankproject\tankproject\Player.hpp(52): error C2923: 'std::map': 'Action' is not a valid template type argument for parameter '_Kty'
c:\visualstudio\repos\tank_project\tankproject\tankproject\Player.hpp(55): error C2039: 'TcpSocket': is not a member of 'sf'
  c:\visualstudio\repos\tank_project\tankproject\tankproject\World.hpp(24): note: see declaration of 'sf'
c:\visualstudio\repos\tank_project\tankproject\tankproject\Player.hpp(55): error C2143: syntax error: missing ';' before '*'
c:\visualstudio\repos\tank_project\tankproject\tankproject\Player.hpp(55): error C4430: missing type specifier - int assumed. Note: C++ does not support default-int
c:\visualstudio\repos\tank_project\tankproject\tankproject\Player.hpp(55): error C2238: unexpected token(s) preceding ';'
c:\visualstudio\repos\tank_project\tankproject\tankproject\Player.hpp(56): warning C4624: 'World::Player': destructor was implicitly defined as deleted
C:\VisualStudio\repos\tank_project\TankProject\sfml\include\SFML/System/Thread.hpp(36): error C2059: syntax error: 'namespace'
C:\VisualStudio\repos\tank_project\TankProject\sfml\include\SFML/System/Thread.hpp(37): error C2334: unexpected token(s) preceding '{'; skipping apparent function body
C:\VisualStudio\repos\tank_project\TankProject\sfml\include\SFML/System/Clock.hpp(35): error C2059: syntax error: 'namespace'
C:\VisualStudio\repos\tank_project\TankProject\sfml\include\SFML/System/Clock.hpp(36): error C2334: unexpected token(s) preceding '{'; skipping apparent function body
C:\VisualStudio\repos\tank_project\TankProject\sfml\include\SFML/System/Sleep.hpp(35): error C2059: syntax error: 'namespace'
C:\VisualStudio\repos\tank_project\TankProject\sfml\include\SFML/System/Sleep.hpp(36): error C2334: unexpected token(s) preceding '{'; skipping apparent function body
C:\VisualStudio\repos\tank_project\TankProject\sfml\include\SFML/Network/IpAddress.hpp(38): error C2059: syntax error: 'namespace'
C:\VisualStudio\repos\tank_project\TankProject\sfml\include\SFML/Network/IpAddress.hpp(39): error C2334: unexpected token(s) preceding '{'; skipping apparent function body
C:\VisualStudio\repos\tank_project\TankProject\sfml\include\SFML/Network/TcpListener.hpp(36): error C2059: syntax error: 'namespace'
C:\VisualStudio\repos\tank_project\TankProject\sfml\include\SFML/Network/TcpListener.hpp(37): error C2334: unexpected token(s) preceding '{'; skipping apparent function body
c:\visualstudio\repos\tank_project\tankproject\tankproject\GameServer.hpp(33): error C2039: 'TcpSocket': is not a member of 'sf'
  c:\visualstudio\repos\tank_project\tankproject\tankproject\World.hpp(24): note: see declaration of 'sf'
c:\visualstudio\repos\tank_project\tankproject\tankproject\GameServer.hpp(33): error C3646: 'socket': unknown override specifier
c:\visualstudio\repos\tank_project\tankproject\tankproject\GameServer.hpp(33): error C4430: missing type specifier - int assumed. Note: C++ does not support default-int
c:\visualstudio\repos\tank_project\tankproject\tankproject\GameServer.hpp(60): error C2039: 'Packet': is not a member of 'sf'
  c:\visualstudio\repos\tank_project\tankproject\tankproject\World.hpp(24): note: see declaration of 'sf'
c:\visualstudio\repos\tank_project\tankproject\tankproject\GameServer.hpp(60): error C2061: syntax error: identifier 'Packet'
c:\visualstudio\repos\tank_project\tankproject\tankproject\GameServer.hpp(65): error C2039: 'TcpSocket': is not a member of 'sf'
  c:\visualstudio\repos\tank_project\tankproject\tankproject\World.hpp(24): note: see declaration of 'sf'
c:\visualstudio\repos\tank_project\tankproject\tankproject\GameServer.hpp(65): error C2061: syntax error: identifier 'TcpSocket'
c:\visualstudio\repos\tank_project\tankproject\tankproject\GameServer.hpp(67): error C2039: 'Packet': is not a member of 'sf'
  c:\visualstudio\repos\tank_project\tankproject\tankproject\World.hpp(24): note: see declaration of 'sf'
c:\visualstudio\repos\tank_project\tankproject\tankproject\GameServer.hpp(67): error C2061: syntax error: identifier 'Packet'
c:\visualstudio\repos\tank_project\tankproject\tankproject\GameServer.hpp(72): error C2039: 'Thread': is not a member of 'sf'
  c:\visualstudio\repos\tank_project\tankproject\tankproject\World.hpp(24): note: see declaration of 'sf'
c:\visualstudio\repos\tank_project\tankproject\tankproject\GameServer.hpp(72): error C3646: 'mThread': unknown override specifier
c:\visualstudio\repos\tank_project\tankproject\tankproject\GameServer.hpp(72): error C4430: missing type specifier - int assumed. Note: C++ does not support default-int
c:\visualstudio\repos\tank_project\tankproject\tankproject\GameServer.hpp(73): error C2039: 'Clock': is not a member of 'sf'
  c:\visualstudio\repos\tank_project\tankproject\tankproject\World.hpp(24): note: see declaration of 'sf'
c:\visualstudio\repos\tank_project\tankproject\tankproject\GameServer.hpp(73): error C3646: 'mClock': unknown override specifier
c:\visualstudio\repos\tank_project\tankproject\tankproject\GameServer.hpp(73): error C4430: missing type specifier - int assumed. Note: C++ does not support default-int
c:\visualstudio\repos\tank_project\tankproject\tankproject\GameServer.hpp(74): error C2039: 'TcpListener': is not a member of 'sf'
  c:\visualstudio\repos\tank_project\tankproject\tankproject\World.hpp(24): note: see declaration of 'sf'
c:\visualstudio\repos\tank_project\tankproject\tankproject\GameServer.hpp(74): error C3646: 'mListenerSocket': unknown override specifier
c:\visualstudio\repos\tank_project\tankproject\tankproject\GameServer.hpp(74): error C4430: missing type specifier - int assumed. Note: C++ does not support default-int
C:\VisualStudio\repos\tank_project\TankProject\sfml\include\SFML/Network/Packet.hpp(36): error C2059: syntax error: 'namespace'
C:\VisualStudio\repos\tank_project\TankProject\sfml\include\SFML/Network/Packet.hpp(37): error C2334: unexpected token(s) preceding '{'; skipping apparent function body
c:\visualstudio\repos\tank_project\tankproject\tankproject\MultiplayerGameState.hpp(31): error C2039: 'Packet': is not a member of 'sf'
  c:\visualstudio\repos\tank_project\tankproject\tankproject\World.hpp(24): note: see declaration of 'sf'
c:\visualstudio\repos\tank_project\tankproject\tankproject\MultiplayerGameState.hpp(31): error C2061: syntax error: identifier 'Packet'
c:\visualstudio\repos\tank_project\tankproject\tankproject\MultiplayerGameState.hpp(39): error C2079: 'World::MultiplayerGameState::mWorld' uses undefined class 'World'
c:\visualstudio\repos\tank_project\tankproject\tankproject\MultiplayerGameState.hpp(45): error C2039: 'TcpSocket': is not a member of 'sf'
  c:\visualstudio\repos\tank_project\tankproject\tankproject\World.hpp(24): note: see declaration of 'sf'
c:\visualstudio\repos\tank_project\tankproject\tankproject\MultiplayerGameState.hpp(45): error C3646: 'mSocket': unknown override specifier
c:\visualstudio\repos\tank_project\tankproject\tankproject\MultiplayerGameState.hpp(45): error C4430: missing type specifier - int assumed. Note: C++ does not support default-int
c:\visualstudio\repos\tank_project\tankproject\tankproject\MultiplayerGameState.hpp(48): error C2039: 'Clock': is not a member of 'sf'
  c:\visualstudio\repos\tank_project\tankproject\tankproject\World.hpp(24): note: see declaration of 'sf'
c:\visualstudio\repos\tank_project\tankproject\tankproject\MultiplayerGameState.hpp(48): error C3646: 'mTickClock': unknown override specifier
c:\visualstudio\repos\tank_project\tankproject\tankproject\MultiplayerGameState.hpp(48): error C4430: missing type specifier - int assumed. Note: C++ does not support default-int
c:\visualstudio\repos\tank_project\tankproject\tankproject\MultiplayerGameState.hpp(58): error C2039: 'Clock': is not a member of 'sf'
  c:\visualstudio\repos\tank_project\tankproject\tankproject\World.hpp(24): note: see declaration of 'sf'
c:\visualstudio\repos\tank_project\tankproject\tankproject\MultiplayerGameState.hpp(58): error C3646: 'mFailedConnectionClock': unknown override specifier
c:\visualstudio\repos\tank_project\tankproject\tankproject\MultiplayerGameState.hpp(58): error C4430: missing type specifier - int assumed. Note: C++ does not support default-int
C:\VisualStudio\repos\tank_project\TankProject\sfml\include\SFML/System/Mutex.hpp(35): error C2059: syntax error: 'namespace'
C:\VisualStudio\repos\tank_project\TankProject\sfml\include\SFML/System/Mutex.hpp(36): error C2334: unexpected token(s) preceding '{'; skipping apparent function body
C:\VisualStudio\repos\tank_project\TankProject\sfml\include\SFML/Audio/SoundStream.hpp(39): error C2059: syntax error: 'namespace'
C:\VisualStudio\repos\tank_project\TankProject\sfml\include\SFML/Audio/SoundStream.hpp(40): error C2334: unexpected token(s) preceding '{'; skipping apparent function body
C:\VisualStudio\repos\tank_project\TankProject\sfml\include\SFML/Audio/InputSoundFile.hpp(37): error C2059: syntax error: 'namespace'
C:\VisualStudio\repos\tank_project\TankProject\sfml\include\SFML/Audio/InputSoundFile.hpp(38): error C2334: unexpected token(s) preceding '{'; skipping apparent function body
C:\VisualStudio\repos\tank_project\TankProject\sfml\include\SFML/Audio/Music.hpp(40): error C2059: syntax error: 'namespace'
C:\VisualStudio\repos\tank_project\TankProject\sfml\include\SFML/Audio/Music.hpp(41): error C2334: unexpected token(s) preceding '{'; skipping apparent function body
c:\visualstudio\repos\tank_project\tankproject\tankproject\MusicPlayer.hpp(23): error C2039: 'Music': is not a member of 'sf'
  c:\visualstudio\repos\tank_project\tankproject\tankproject\World.hpp(24): note: see declaration of 'sf'
c:\visualstudio\repos\tank_project\tankproject\tankproject\MusicPlayer.hpp(23): error C3646: 'mMusic': unknown override specifier
c:\visualstudio\repos\tank_project\tankproject\tankproject\MusicPlayer.hpp(23): error C4430: missing type specifier - int assumed. Note: C++ does not support default-int
C:\Program Files (x86)\Microsoft Visual Studio 14.0\VC\include\sstream(12): error C2059: syntax error: 'namespace'
C:\Program Files (x86)\Microsoft Visual Studio 14.0\VC\include\sstream(12): error C2334: unexpected token(s) preceding '{'; skipping apparent function body
c:\visualstudio\repos\tank_project\tankproject\tankproject\Utility.hpp(6): error C2059: syntax error: 'namespace'
c:\visualstudio\repos\tank_project\tankproject\tankproject\Utility.hpp(7): error C2334: unexpected token(s) preceding '{'; skipping apparent function body
c:\visualstudio\repos\tank_project\tankproject\tankproject\Utility.inl(8): error C2535: 'std::string World::toString(const T &)': member function already defined or declared
  c:\visualstudio\repos\tank_project\tankproject\tankproject\Utility.hpp(17): note: see declaration of 'World::toString'
C:\VisualStudio\repos\tank_project\TankProject\sfml\include\SFML/Window/ContextSettings.hpp(29): error C2059: syntax error: 'namespace'
C:\VisualStudio\repos\tank_project\TankProject\sfml\include\SFML/Window/ContextSettings.hpp(30): error C2334: unexpected token(s) preceding '{'; skipping apparent function body
C:\VisualStudio\repos\tank_project\TankProject\sfml\include\SFML/Window/VideoMode.hpp(35): error C2059: syntax error: 'namespace'
C:\VisualStudio\repos\tank_project\TankProject\sfml\include\SFML/Window/VideoMode.hpp(36): error C2334: unexpected token(s) preceding '{'; skipping apparent function body
C:\VisualStudio\repos\tank_project\TankProject\sfml\include\SFML/Window/WindowHandle.hpp(38): error C2059: syntax error: 'namespace'
C:\VisualStudio\repos\tank_project\TankProject\sfml\include\SFML/Window/WindowHandle.hpp(39): error C2334: unexpected token(s) preceding '{'; skipping apparent function body
C:\VisualStudio\repos\tank_project\TankProject\sfml\include\SFML/Window/WindowStyle.hpp(29): error C2059: syntax error: 'namespace'
C:\VisualStudio\repos\tank_project\TankProject\sfml\include\SFML/Window/WindowStyle.hpp(30): error C2334: unexpected token(s) preceding '{'; skipping apparent function body
C:\VisualStudio\repos\tank_project\TankProject\sfml\include\SFML/Window/Window.hpp(43): error C2059: syntax error: 'namespace'
C:\VisualStudio\repos\tank_project\TankProject\sfml\include\SFML/Window/Window.hpp(44): error C2334: unexpected token(s) preceding '{'; skipping apparent function body
C:\VisualStudio\repos\tank_project\TankProject\sfml\include\SFML/Graphics/RenderWindow.hpp(38): error C2059: syntax error: 'namespace'
C:\VisualStudio\repos\tank_project\TankProject\sfml\include\SFML/Graphics/RenderWindow.hpp(38): fatal error C1003: error count exceeds 100; stopping compilation
  MusicPlayer.cpp
  NetworkNode.cpp
  Obstacle.cpp
  ParticleNode.cpp
  Pickup.cpp
  Compiling...
  Player.cpp
  Projectile.cpp
Projectile.cpp(68): warning C4244: 'argument': conversion from 'double' to 'float', possible loss of data
  SceneNode.cpp
  SoundNode.cpp
  SpriteNode.cpp
  Tank.cpp
  TextNode.cpp
  World.cpp
c:\visualstudio\repos\tank_project\tankproject\tankproject\World.hpp(74): error C2059: syntax error: '<<'
c:\visualstudio\repos\tank_project\tankproject\tankproject\World.hpp(75): error C2238: unexpected token(s) preceding ';'
c:\visualstudio\repos\tank_project\tankproject\tankproject\World.hpp(76): error C2059: syntax error: '=='
c:\visualstudio\repos\tank_project\tankproject\tankproject\World.hpp(77): error C2238: unexpected token(s) preceding ';'
c:\visualstudio\repos\tank_project\tankproject\tankproject\World.hpp(78): error C2059: syntax error: '>>'
c:\visualstudio\repos\tank_project\tankproject\tankproject\World.hpp(80): error C2334: unexpected token(s) preceding ':'; skipping apparent function body
C:\VisualStudio\repos\tank_project\TankProject\sfml\include\SFML/Window/Keyboard.hpp(34): error C2059: syntax error: 'namespace'
C:\VisualStudio\repos\tank_project\TankProject\sfml\include\SFML/Window/Keyboard.hpp(35): error C2334: unexpected token(s) preceding '{'; skipping apparent function body
C:\Program Files (x86)\Microsoft Visual Studio 14.0\VC\include\sstream(12): error C2059: syntax error: 'namespace'
C:\Program Files (x86)\Microsoft Visual Studio 14.0\VC\include\sstream(12): error C2334: unexpected token(s) preceding '{'; skipping apparent function body
c:\visualstudio\repos\tank_project\tankproject\tankproject\Utility.hpp(6): error C2059: syntax error: 'namespace'
c:\visualstudio\repos\tank_project\tankproject\tankproject\Utility.hpp(7): error C2334: unexpected token(s) preceding '{'; skipping apparent function body
c:\visualstudio\repos\tank_project\tankproject\tankproject\Utility.hpp(20): error C3083: 'Keyboard': the symbol to the left of a '::' must be a type
c:\visualstudio\repos\tank_project\tankproject\tankproject\Utility.hpp(20): error C2039: 'Key': is not a member of 'sf'
  c:\visualstudio\repos\tank_project\tankproject\tankproject\World.hpp(24): note: see declaration of 'sf'
c:\visualstudio\repos\tank_project\tankproject\tankproject\Utility.hpp(20): error C2061: syntax error: identifier 'Key'
c:\visualstudio\repos\tank_project\tankproject\tankproject\Utility.inl(8): error C2535: 'std::string World::toString(const T &)': member function already defined or declared
  c:\visualstudio\repos\tank_project\tankproject\tankproject\Utility.hpp(17): note: see declaration of 'World::toString'
c:\visualstudio\repos\tank_project\tankproject\tankproject\Base.hpp(40): error C2079: 'World::Base::mExplosion' uses undefined class 'World::Animation'
C:\Program Files (x86)\Microsoft Visual Studio 14.0\VC\include\iostream(12): error C2059: syntax error: 'namespace'
C:\Program Files (x86)\Microsoft Visual Studio 14.0\VC\include\iostream(12): error C2334: unexpected token(s) preceding '{'; skipping apparent function body
World.cpp(54): error C2535: 'void World::setWorldScrollCompensation(float)': member function already defined or declared
  c:\visualstudio\repos\tank_project\tankproject\tankproject\World.hpp(51): note: see declaration of 'World::setWorldScrollCompensation'
World.cpp(59): error C2535: 'void World::update(sf::Time)': member function already defined or declared
  c:\visualstudio\repos\tank_project\tankproject\tankproject\World.hpp(35): note: see declaration of 'World::update'
World.cpp(95): error C2535: 'void World::draw(void)': member function already defined or declared
  c:\visualstudio\repos\tank_project\tankproject\tankproject\World.hpp(36): note: see declaration of 'World::draw'
World.cpp(112): error C2535: 'CommandQueue &World::getCommandQueue(void)': member function already defined or declared
  c:\visualstudio\repos\tank_project\tankproject\tankproject\World.hpp(39): note: see declaration of 'World::getCommandQueue'
World.cpp(117): error C2535: 'Tank *World::getTank(int) const': member function already defined or declared
  c:\visualstudio\repos\tank_project\tankproject\tankproject\World.hpp(53): note: see declaration of 'World::getTank'
World.cpp(128): error C2535: 'void World::removeTank(int)': member function already defined or declared
  c:\visualstudio\repos\tank_project\tankproject\tankproject\World.hpp(41): note: see declaration of 'World::removeTank'
World.cpp(138): error C2535: 'Tank *World::addTank(int)': member function already defined or declared
  c:\visualstudio\repos\tank_project\tankproject\tankproject\World.hpp(40): note: see declaration of 'World::addTank'
World.cpp(160): error C2535: 'void World::createPickup(sf::Vector2f,Pickup::Type)': member function already defined or declared
  c:\visualstudio\repos\tank_project\tankproject\tankproject\World.hpp(56): note: see declaration of 'World::createPickup'
World.cpp(168): error C2535: 'bool World::pollGameAction(GameActions::Action &)': member function already defined or declared
  c:\visualstudio\repos\tank_project\tankproject\tankproject\World.hpp(57): note: see declaration of 'World::pollGameAction'
World.cpp(173): error C2535: 'void World::setCurrentBattleFieldPosition(float)': member function already defined or declared
  c:\visualstudio\repos\tank_project\tankproject\tankproject\World.hpp(42): note: see declaration of 'World::setCurrentBattleFieldPosition'
World.cpp(179): error C2535: 'void World::setWorldHeight(float)': member function already defined or declared
  c:\visualstudio\repos\tank_project\tankproject\tankproject\World.hpp(43): note: see declaration of 'World::setWorldHeight'
World.cpp(184): error C2535: 'bool World::hasAlivePlayer(void) const': member function already defined or declared
  c:\visualstudio\repos\tank_project\tankproject\tankproject\World.hpp(48): note: see declaration of 'World::hasAlivePlayer'
World.cpp(189): error C2535: 'bool World::hasPlayerReachedEnd(void) const': member function already defined or declared
  c:\visualstudio\repos\tank_project\tankproject\tankproject\World.hpp(49): note: see declaration of 'World::hasPlayerReachedEnd'
World.cpp(197): error C2535: 'void World::loadTextures(void)': member function already defined or declared
  c:\visualstudio\repos\tank_project\tankproject\tankproject\World.hpp(60): note: see declaration of 'World::loadTextures'
World.cpp(210): error C2535: 'void World::adaptPlayerPosition(void)': member function already defined or declared
  c:\visualstudio\repos\tank_project\tankproject\tankproject\World.hpp(61): note: see declaration of 'World::adaptPlayerPosition'
World.cpp(227): error C2535: 'void World::adaptPlayerVelocity(void)': member function already defined or declared
  c:\visualstudio\repos\tank_project\tankproject\tankproject\World.hpp(62): note: see declaration of 'World::adaptPlayerVelocity'
World.cpp(260): error C2535: 'void World::handleCollisions(void)': member function already defined or declared
  c:\visualstudio\repos\tank_project\tankproject\tankproject\World.hpp(63): note: see declaration of 'World::handleCollisions'
World.cpp(322): error C2535: 'void World::updateSounds(void)': member function already defined or declared
  c:\visualstudio\repos\tank_project\tankproject\tankproject\World.hpp(64): note: see declaration of 'World::updateSounds'
World.cpp(348): error C2535: 'void World::buildScene(void)': member function already defined or declared
  c:\visualstudio\repos\tank_project\tankproject\tankproject\World.hpp(68): note: see declaration of 'World::buildScene'
World.cpp(427): error C2535: 'void World::addEnemies(void)': member function already defined or declared
  c:\visualstudio\repos\tank_project\tankproject\tankproject\World.hpp(69): note: see declaration of 'World::addEnemies'
World.cpp(440): error C2535: 'void World::sortEnemies(void)': member function already defined or declared
  c:\visualstudio\repos\tank_project\tankproject\tankproject\World.hpp(46): note: see declaration of 'World::sortEnemies'
World.cpp(449): error C2535: 'void World::SpawnEnemyBase(void)': member function already defined or declared
  c:\visualstudio\repos\tank_project\tankproject\tankproject\World.hpp(67): note: see declaration of 'World::SpawnEnemyBase'
World.cpp(464): error C2535: 'void World::SpawnObstacles(int)': member function already defined or declared
  c:\visualstudio\repos\tank_project\tankproject\tankproject\World.hpp(66): note: see declaration of 'World::SpawnObstacles'
World.cpp(503): error C2535: 'void World::addEnemy(Tank::Type,float,float)': member function already defined or declared
  c:\visualstudio\repos\tank_project\tankproject\tankproject\World.hpp(45): note: see declaration of 'World::addEnemy'
World.cpp(509): error C2535: 'void World::spawnEnemies(void)': member function already defined or declared
  c:\visualstudio\repos\tank_project\tankproject\tankproject\World.hpp(70): note: see declaration of 'World::spawnEnemies'
World.cpp(530): error C2535: 'void World::centerWorldToPlayer(void)': member function already defined or declared
  c:\visualstudio\repos\tank_project\tankproject\tankproject\World.hpp(71): note: see declaration of 'World::centerWorldToPlayer'
World.cpp(550): error C2535: 'void World::destroyEntitiesOutsideView(void)': member function already defined or declared
  c:\visualstudio\repos\tank_project\tankproject\tankproject\World.hpp(72): note: see declaration of 'World::destroyEntitiesOutsideView'
World.cpp(590): error C2535: 'void World::guideMissiles(void)': member function already defined or declared
  c:\visualstudio\repos\tank_project\tankproject\tankproject\World.hpp(73): note: see declaration of 'World::guideMissiles'
World.cpp(635): error C2535: 'sf::FloatRect World::getViewBounds(void) const': member function already defined or declared
  c:\visualstudio\repos\tank_project\tankproject\tankproject\World.hpp(38): note: see declaration of 'World::getViewBounds'
World.cpp(640): error C2535: 'sf::FloatRect World::getBattlefieldBounds(void) const': member function already defined or declared
  c:\visualstudio\repos\tank_project\tankproject\tankproject\World.hpp(54): note: see declaration of 'World::getBattlefieldBounds'
World.cpp(648): fatal error C1004: unexpected end-of-file found
