  World.cpp
c:\visualstudio\repos\tank_project\tankproject\tankproject\category.hpp(21): error C2059: syntax error: '<<'
c:\visualstudio\repos\tank_project\tankproject\tankproject\category.hpp(21): error C3805: '<<': unexpected token, expected either '}' or a ','
c:\visualstudio\repos\tank_project\tankproject\tankproject\world.hpp(74): error C2059: syntax error: '<<'
c:\visualstudio\repos\tank_project\tankproject\tankproject\world.hpp(75): error C2238: unexpected token(s) preceding ';'
c:\visualstudio\repos\tank_project\tankproject\tankproject\world.hpp(76): error C2059: syntax error: '=='
c:\visualstudio\repos\tank_project\tankproject\tankproject\world.hpp(77): error C2238: unexpected token(s) preceding ';'
c:\visualstudio\repos\tank_project\tankproject\tankproject\world.hpp(78): error C2059: syntax error: '>>'
c:\visualstudio\repos\tank_project\tankproject\tankproject\world.hpp(80): error C2334: unexpected token(s) preceding ':'; skipping apparent function body
c:\visualstudio\repos\tank_project\tankproject\sfml\include\sfml\window\keyboard.hpp(34): error C2059: syntax error: 'namespace'
c:\visualstudio\repos\tank_project\tankproject\sfml\include\sfml\window\keyboard.hpp(35): error C2334: unexpected token(s) preceding '{'; skipping apparent function body
c:\program files (x86)\microsoft visual studio 14.0\vc\include\sstream(12): error C2059: syntax error: 'namespace'
c:\program files (x86)\microsoft visual studio 14.0\vc\include\sstream(12): error C2334: unexpected token(s) preceding '{'; skipping apparent function body
c:\visualstudio\repos\tank_project\tankproject\tankproject\utility.hpp(6): error C2059: syntax error: 'namespace'
c:\visualstudio\repos\tank_project\tankproject\tankproject\utility.hpp(7): error C2334: unexpected token(s) preceding '{'; skipping apparent function body
c:\visualstudio\repos\tank_project\tankproject\tankproject\utility.hpp(20): error C3083: 'Keyboard': the symbol to the left of a '::' must be a type
c:\visualstudio\repos\tank_project\tankproject\tankproject\utility.hpp(20): error C2039: 'Key': is not a member of 'sf'
  c:\visualstudio\repos\tank_project\tankproject\tankproject\world.hpp(24): note: see declaration of 'sf'
c:\visualstudio\repos\tank_project\tankproject\tankproject\utility.hpp(20): error C2061: syntax error: identifier 'Key'
c:\visualstudio\repos\tank_project\tankproject\tankproject\utility.inl(8): error C2535: 'std::string World::toString(const T &)': member function already defined or declared
  c:\visualstudio\repos\tank_project\tankproject\tankproject\utility.hpp(17): note: see declaration of 'World::toString'
c:\visualstudio\repos\tank_project\tankproject\tankproject\base.hpp(40): error C2079: 'World::Base::mExplosion' uses undefined class 'World::Animation'
c:\program files (x86)\microsoft visual studio 14.0\vc\include\iostream(12): error C2059: syntax error: 'namespace'
c:\program files (x86)\microsoft visual studio 14.0\vc\include\iostream(12): error C2334: unexpected token(s) preceding '{'; skipping apparent function body
c:\visualstudio\repos\tank_project\tankproject\tankproject\world.cpp(54): error C2535: 'void World::setWorldScrollCompensation(float)': member function already defined or declared
  c:\visualstudio\repos\tank_project\tankproject\tankproject\world.hpp(51): note: see declaration of 'World::setWorldScrollCompensation'
c:\visualstudio\repos\tank_project\tankproject\tankproject\world.cpp(59): error C2535: 'void World::update(sf::Time)': member function already defined or declared
  c:\visualstudio\repos\tank_project\tankproject\tankproject\world.hpp(35): note: see declaration of 'World::update'
c:\visualstudio\repos\tank_project\tankproject\tankproject\world.cpp(95): error C2535: 'void World::draw(void)': member function already defined or declared
  c:\visualstudio\repos\tank_project\tankproject\tankproject\world.hpp(36): note: see declaration of 'World::draw'
c:\visualstudio\repos\tank_project\tankproject\tankproject\world.cpp(112): error C2535: 'CommandQueue &World::getCommandQueue(void)': member function already defined or declared
  c:\visualstudio\repos\tank_project\tankproject\tankproject\world.hpp(39): note: see declaration of 'World::getCommandQueue'
c:\visualstudio\repos\tank_project\tankproject\tankproject\world.cpp(117): error C2535: 'Tank *World::getTank(int) const': member function already defined or declared
  c:\visualstudio\repos\tank_project\tankproject\tankproject\world.hpp(53): note: see declaration of 'World::getTank'
c:\visualstudio\repos\tank_project\tankproject\tankproject\world.cpp(128): error C2535: 'void World::removeTank(int)': member function already defined or declared
  c:\visualstudio\repos\tank_project\tankproject\tankproject\world.hpp(41): note: see declaration of 'World::removeTank'
c:\visualstudio\repos\tank_project\tankproject\tankproject\world.cpp(138): error C2535: 'Tank *World::addTank(int)': member function already defined or declared
  c:\visualstudio\repos\tank_project\tankproject\tankproject\world.hpp(40): note: see declaration of 'World::addTank'
c:\visualstudio\repos\tank_project\tankproject\tankproject\world.cpp(160): error C2535: 'void World::createPickup(sf::Vector2f,Pickup::Type)': member function already defined or declared
  c:\visualstudio\repos\tank_project\tankproject\tankproject\world.hpp(56): note: see declaration of 'World::createPickup'
c:\visualstudio\repos\tank_project\tankproject\tankproject\world.cpp(168): error C2535: 'bool World::pollGameAction(GameActions::Action &)': member function already defined or declared
  c:\visualstudio\repos\tank_project\tankproject\tankproject\world.hpp(57): note: see declaration of 'World::pollGameAction'
c:\visualstudio\repos\tank_project\tankproject\tankproject\world.cpp(173): error C2535: 'void World::setCurrentBattleFieldPosition(float)': member function already defined or declared
  c:\visualstudio\repos\tank_project\tankproject\tankproject\world.hpp(42): note: see declaration of 'World::setCurrentBattleFieldPosition'
c:\visualstudio\repos\tank_project\tankproject\tankproject\world.cpp(179): error C2535: 'void World::setWorldHeight(float)': member function already defined or declared
  c:\visualstudio\repos\tank_project\tankproject\tankproject\world.hpp(43): note: see declaration of 'World::setWorldHeight'
c:\visualstudio\repos\tank_project\tankproject\tankproject\world.cpp(184): error C2535: 'bool World::hasAlivePlayer(void) const': member function already defined or declared
  c:\visualstudio\repos\tank_project\tankproject\tankproject\world.hpp(48): note: see declaration of 'World::hasAlivePlayer'
c:\visualstudio\repos\tank_project\tankproject\tankproject\world.cpp(189): error C2535: 'bool World::hasPlayerReachedEnd(void) const': member function already defined or declared
  c:\visualstudio\repos\tank_project\tankproject\tankproject\world.hpp(49): note: see declaration of 'World::hasPlayerReachedEnd'
c:\visualstudio\repos\tank_project\tankproject\tankproject\world.cpp(197): error C2535: 'void World::loadTextures(void)': member function already defined or declared
  c:\visualstudio\repos\tank_project\tankproject\tankproject\world.hpp(60): note: see declaration of 'World::loadTextures'
c:\visualstudio\repos\tank_project\tankproject\tankproject\world.cpp(210): error C2535: 'void World::adaptPlayerPosition(void)': member function already defined or declared
  c:\visualstudio\repos\tank_project\tankproject\tankproject\world.hpp(61): note: see declaration of 'World::adaptPlayerPosition'
c:\visualstudio\repos\tank_project\tankproject\tankproject\world.cpp(227): error C2535: 'void World::adaptPlayerVelocity(void)': member function already defined or declared
  c:\visualstudio\repos\tank_project\tankproject\tankproject\world.hpp(62): note: see declaration of 'World::adaptPlayerVelocity'
c:\visualstudio\repos\tank_project\tankproject\tankproject\world.cpp(260): error C2535: 'void World::handleCollisions(void)': member function already defined or declared
  c:\visualstudio\repos\tank_project\tankproject\tankproject\world.hpp(63): note: see declaration of 'World::handleCollisions'
c:\visualstudio\repos\tank_project\tankproject\tankproject\world.cpp(322): error C2535: 'void World::updateSounds(void)': member function already defined or declared
  c:\visualstudio\repos\tank_project\tankproject\tankproject\world.hpp(64): note: see declaration of 'World::updateSounds'
c:\visualstudio\repos\tank_project\tankproject\tankproject\world.cpp(348): error C2535: 'void World::buildScene(void)': member function already defined or declared
  c:\visualstudio\repos\tank_project\tankproject\tankproject\world.hpp(68): note: see declaration of 'World::buildScene'
c:\visualstudio\repos\tank_project\tankproject\tankproject\world.cpp(427): error C2535: 'void World::addEnemies(void)': member function already defined or declared
  c:\visualstudio\repos\tank_project\tankproject\tankproject\world.hpp(69): note: see declaration of 'World::addEnemies'
c:\visualstudio\repos\tank_project\tankproject\tankproject\world.cpp(440): error C2535: 'void World::sortEnemies(void)': member function already defined or declared
  c:\visualstudio\repos\tank_project\tankproject\tankproject\world.hpp(46): note: see declaration of 'World::sortEnemies'
c:\visualstudio\repos\tank_project\tankproject\tankproject\world.cpp(449): error C2535: 'void World::SpawnEnemyBase(void)': member function already defined or declared
  c:\visualstudio\repos\tank_project\tankproject\tankproject\world.hpp(67): note: see declaration of 'World::SpawnEnemyBase'
c:\visualstudio\repos\tank_project\tankproject\tankproject\world.cpp(464): error C2535: 'void World::SpawnObstacles(int)': member function already defined or declared
  c:\visualstudio\repos\tank_project\tankproject\tankproject\world.hpp(66): note: see declaration of 'World::SpawnObstacles'
c:\visualstudio\repos\tank_project\tankproject\tankproject\world.cpp(503): error C2535: 'void World::addEnemy(Tank::Type,float,float)': member function already defined or declared
  c:\visualstudio\repos\tank_project\tankproject\tankproject\world.hpp(45): note: see declaration of 'World::addEnemy'
c:\visualstudio\repos\tank_project\tankproject\tankproject\world.cpp(509): error C2535: 'void World::spawnEnemies(void)': member function already defined or declared
  c:\visualstudio\repos\tank_project\tankproject\tankproject\world.hpp(70): note: see declaration of 'World::spawnEnemies'
c:\visualstudio\repos\tank_project\tankproject\tankproject\world.cpp(530): error C2535: 'void World::centerWorldToPlayer(void)': member function already defined or declared
  c:\visualstudio\repos\tank_project\tankproject\tankproject\world.hpp(71): note: see declaration of 'World::centerWorldToPlayer'
c:\visualstudio\repos\tank_project\tankproject\tankproject\world.cpp(550): error C2535: 'void World::destroyEntitiesOutsideView(void)': member function already defined or declared
  c:\visualstudio\repos\tank_project\tankproject\tankproject\world.hpp(72): note: see declaration of 'World::destroyEntitiesOutsideView'
c:\visualstudio\repos\tank_project\tankproject\tankproject\world.cpp(590): error C2535: 'void World::guideMissiles(void)': member function already defined or declared
  c:\visualstudio\repos\tank_project\tankproject\tankproject\world.hpp(73): note: see declaration of 'World::guideMissiles'
c:\visualstudio\repos\tank_project\tankproject\tankproject\world.cpp(635): error C2535: 'sf::FloatRect World::getViewBounds(void) const': member function already defined or declared
  c:\visualstudio\repos\tank_project\tankproject\tankproject\world.hpp(38): note: see declaration of 'World::getViewBounds'
c:\visualstudio\repos\tank_project\tankproject\tankproject\world.cpp(640): error C2535: 'sf::FloatRect World::getBattlefieldBounds(void) const': member function already defined or declared
  c:\visualstudio\repos\tank_project\tankproject\tankproject\world.hpp(54): note: see declaration of 'World::getBattlefieldBounds'
c:\visualstudio\repos\tank_project\tankproject\tankproject\world.cpp(648): fatal error C1004: unexpected end-of-file found
  Utility.cpp
  TitleState.cpp
  TextNode.cpp
c:\visualstudio\repos\tank_project\tankproject\tankproject\category.hpp(21): error C2059: syntax error: '<<'
c:\visualstudio\repos\tank_project\tankproject\tankproject\category.hpp(21): error C3805: '<<': unexpected token, expected either '}' or a ','
  Tank.cpp
c:\visualstudio\repos\tank_project\tankproject\tankproject\category.hpp(21): error C2059: syntax error: '<<'
c:\visualstudio\repos\tank_project\tankproject\tankproject\category.hpp(21): error C3805: '<<': unexpected token, expected either '}' or a ','
  StateStack.cpp
  State.cpp
  SpriteNode.cpp
c:\visualstudio\repos\tank_project\tankproject\tankproject\category.hpp(21): error C2059: syntax error: '<<'
c:\visualstudio\repos\tank_project\tankproject\tankproject\category.hpp(21): error C3805: '<<': unexpected token, expected either '}' or a ','
  SoundPlayer.cpp
  SoundNode.cpp
c:\visualstudio\repos\tank_project\tankproject\tankproject\category.hpp(21): error C2059: syntax error: '<<'
c:\visualstudio\repos\tank_project\tankproject\tankproject\category.hpp(21): error C3805: '<<': unexpected token, expected either '}' or a ','
  SettingsState.cpp
  SceneNode.cpp
c:\visualstudio\repos\tank_project\tankproject\tankproject\category.hpp(21): error C2059: syntax error: '<<'
c:\visualstudio\repos\tank_project\tankproject\tankproject\category.hpp(21): error C3805: '<<': unexpected token, expected either '}' or a ','
  Projectile.cpp
c:\visualstudio\repos\tank_project\tankproject\tankproject\category.hpp(21): error C2059: syntax error: '<<'
c:\visualstudio\repos\tank_project\tankproject\tankproject\category.hpp(21): error C3805: '<<': unexpected token, expected either '}' or a ','
c:\visualstudio\repos\tank_project\tankproject\tankproject\projectile.cpp(68): warning C4244: 'argument': conversion from 'double' to 'float', possible loss of data
  PostEffect.cpp
  Player.cpp
c:\visualstudio\repos\tank_project\tankproject\tankproject\category.hpp(21): error C2059: syntax error: '<<'
c:\visualstudio\repos\tank_project\tankproject\tankproject\category.hpp(21): error C3805: '<<': unexpected token, expected either '}' or a ','
  Pickup.cpp
c:\visualstudio\repos\tank_project\tankproject\tankproject\category.hpp(21): error C2059: syntax error: '<<'
c:\visualstudio\repos\tank_project\tankproject\tankproject\category.hpp(21): error C3805: '<<': unexpected token, expected either '}' or a ','
  PauseState.cpp
  ParticleNode.cpp
c:\visualstudio\repos\tank_project\tankproject\tankproject\category.hpp(21): error C2059: syntax error: '<<'
c:\visualstudio\repos\tank_project\tankproject\tankproject\category.hpp(21): error C3805: '<<': unexpected token, expected either '}' or a ','
  Obstacle.cpp
c:\visualstudio\repos\tank_project\tankproject\tankproject\category.hpp(21): error C2059: syntax error: '<<'
c:\visualstudio\repos\tank_project\tankproject\tankproject\category.hpp(21): error C3805: '<<': unexpected token, expected either '}' or a ','
c:\visualstudio\repos\tank_project\tankproject\tankproject\obstacle.cpp(50): error C2039: 'Obstacle': is not a member of 'Category'
  c:\visualstudio\repos\tank_project\tankproject\tankproject\category.hpp(6): note: see declaration of 'Category'
c:\visualstudio\repos\tank_project\tankproject\tankproject\obstacle.cpp(50): error C2275: 'Obstacle': illegal use of this type as an expression
  NetworkNode.cpp
c:\visualstudio\repos\tank_project\tankproject\tankproject\category.hpp(21): error C2059: syntax error: '<<'
c:\visualstudio\repos\tank_project\tankproject\tankproject\category.hpp(21): error C3805: '<<': unexpected token, expected either '}' or a ','
  Generating Code...
  Compiling...
  MusicPlayer.cpp
  MultiplayerGameState.cpp
c:\visualstudio\repos\tank_project\tankproject\tankproject\category.hpp(21): error C2059: syntax error: '<<'
c:\visualstudio\repos\tank_project\tankproject\tankproject\category.hpp(21): error C3805: '<<': unexpected token, expected either '}' or a ','
c:\visualstudio\repos\tank_project\tankproject\tankproject\world.hpp(74): error C2059: syntax error: '<<'
c:\visualstudio\repos\tank_project\tankproject\tankproject\world.hpp(75): error C2238: unexpected token(s) preceding ';'
c:\visualstudio\repos\tank_project\tankproject\tankproject\world.hpp(76): error C2059: syntax error: '=='
c:\visualstudio\repos\tank_project\tankproject\tankproject\world.hpp(77): error C2238: unexpected token(s) preceding ';'
c:\visualstudio\repos\tank_project\tankproject\tankproject\world.hpp(78): error C2059: syntax error: '>>'
c:\visualstudio\repos\tank_project\tankproject\tankproject\world.hpp(80): error C2334: unexpected token(s) preceding ':'; skipping apparent function body
c:\visualstudio\repos\tank_project\tankproject\tankproject\keybinding.hpp(8): error C2059: syntax error: 'namespace'
c:\visualstudio\repos\tank_project\tankproject\tankproject\keybinding.hpp(9): error C2334: unexpected token(s) preceding '{'; skipping apparent function body
c:\visualstudio\repos\tank_project\tankproject\tankproject\keybinding.hpp(27): error C2653: 'PlayerAction': is not a class or namespace name
c:\visualstudio\repos\tank_project\tankproject\tankproject\keybinding.hpp(27): error C3646: 'Action': unknown override specifier
c:\visualstudio\repos\tank_project\tankproject\tankproject\keybinding.hpp(27): error C4430: missing type specifier - int assumed. Note: C++ does not support default-int
c:\visualstudio\repos\tank_project\tankproject\tankproject\keybinding.hpp(33): error C2061: syntax error: identifier 'Action'
c:\visualstudio\repos\tank_project\tankproject\tankproject\keybinding.hpp(34): error C2061: syntax error: identifier 'Action'
c:\visualstudio\repos\tank_project\tankproject\tankproject\keybinding.hpp(36): error C2061: syntax error: identifier 'Action'
c:\visualstudio\repos\tank_project\tankproject\tankproject\keybinding.hpp(37): error C2065: 'Action': undeclared identifier
c:\visualstudio\repos\tank_project\tankproject\tankproject\keybinding.hpp(37): error C2923: 'std::vector': 'Action' is not a valid template type argument for parameter '_Ty'
c:\visualstudio\repos\tank_project\tankproject\tankproject\keybinding.hpp(45): error C2065: 'Action': undeclared identifier
c:\visualstudio\repos\tank_project\tankproject\tankproject\keybinding.hpp(45): error C2923: 'std::map': 'Action' is not a valid template type argument for parameter '_Ty'
c:\visualstudio\repos\tank_project\tankproject\tankproject\keybinding.hpp(46): warning C4624: 'World::KeyBinding': destructor was implicitly defined as deleted
c:\visualstudio\repos\tank_project\tankproject\tankproject\keybinding.hpp(48): error C2653: 'PlayerAction': is not a class or namespace name
c:\visualstudio\repos\tank_project\tankproject\tankproject\keybinding.hpp(48): error C2061: syntax error: identifier 'Type'
c:\program files (x86)\windows kits\8.1\include\shared\basetsd.h(67): error C2059: syntax error: 'string'
c:\program files (x86)\windows kits\8.1\include\shared\basetsd.h(67): error C2334: unexpected token(s) preceding '{'; skipping apparent function body
c:\visualstudio\repos\tank_project\tankproject\sfml\include\sfml\network\sockethandle.hpp(38): error C2059: syntax error: 'namespace'
c:\visualstudio\repos\tank_project\tankproject\sfml\include\sfml\network\sockethandle.hpp(39): error C2334: unexpected token(s) preceding '{'; skipping apparent function body
c:\visualstudio\repos\tank_project\tankproject\sfml\include\sfml\network\socket.hpp(37): error C2059: syntax error: 'namespace'
c:\visualstudio\repos\tank_project\tankproject\sfml\include\sfml\network\socket.hpp(38): error C2334: unexpected token(s) preceding '{'; skipping apparent function body
c:\visualstudio\repos\tank_project\tankproject\sfml\include\sfml\network\tcpsocket.hpp(36): error C2059: syntax error: 'namespace'
c:\visualstudio\repos\tank_project\tankproject\sfml\include\sfml\network\tcpsocket.hpp(37): error C2334: unexpected token(s) preceding '{'; skipping apparent function body
c:\visualstudio\repos\tank_project\tankproject\tankproject\player.hpp(18): error C2653: 'PlayerAction': is not a class or namespace name
c:\visualstudio\repos\tank_project\tankproject\tankproject\player.hpp(18): error C3646: 'Action': unknown override specifier
c:\visualstudio\repos\tank_project\tankproject\tankproject\player.hpp(18): error C4430: missing type specifier - int assumed. Note: C++ does not support default-int
c:\visualstudio\repos\tank_project\tankproject\tankproject\player.hpp(29): error C2039: 'TcpSocket': is not a member of 'sf'
  c:\visualstudio\repos\tank_project\tankproject\tankproject\world.hpp(24): note: see declaration of 'sf'
c:\visualstudio\repos\tank_project\tankproject\tankproject\player.hpp(29): error C2061: syntax error: identifier 'TcpSocket'
c:\visualstudio\repos\tank_project\tankproject\tankproject\player.hpp(36): error C2061: syntax error: identifier 'Action'
c:\visualstudio\repos\tank_project\tankproject\tankproject\player.hpp(37): error C2061: syntax error: identifier 'Action'
c:\visualstudio\repos\tank_project\tankproject\tankproject\player.hpp(51): error C2065: 'Action': undeclared identifier
c:\visualstudio\repos\tank_project\tankproject\tankproject\player.hpp(51): error C2923: 'std::map': 'Action' is not a valid template type argument for parameter '_Kty'
c:\visualstudio\repos\tank_project\tankproject\tankproject\player.hpp(52): error C2065: 'Action': undeclared identifier
c:\visualstudio\repos\tank_project\tankproject\tankproject\player.hpp(52): error C2923: 'std::map': 'Action' is not a valid template type argument for parameter '_Kty'
c:\visualstudio\repos\tank_project\tankproject\tankproject\player.hpp(55): error C2039: 'TcpSocket': is not a member of 'sf'
  c:\visualstudio\repos\tank_project\tankproject\tankproject\world.hpp(24): note: see declaration of 'sf'
c:\visualstudio\repos\tank_project\tankproject\tankproject\player.hpp(55): error C2143: syntax error: missing ';' before '*'
c:\visualstudio\repos\tank_project\tankproject\tankproject\player.hpp(55): error C4430: missing type specifier - int assumed. Note: C++ does not support default-int
c:\visualstudio\repos\tank_project\tankproject\tankproject\player.hpp(55): error C2238: unexpected token(s) preceding ';'
c:\visualstudio\repos\tank_project\tankproject\tankproject\player.hpp(56): warning C4624: 'World::Player': destructor was implicitly defined as deleted
c:\visualstudio\repos\tank_project\tankproject\sfml\include\sfml\system\thread.hpp(36): error C2059: syntax error: 'namespace'
c:\visualstudio\repos\tank_project\tankproject\sfml\include\sfml\system\thread.hpp(37): error C2334: unexpected token(s) preceding '{'; skipping apparent function body
c:\visualstudio\repos\tank_project\tankproject\sfml\include\sfml\system\clock.hpp(35): error C2059: syntax error: 'namespace'
c:\visualstudio\repos\tank_project\tankproject\sfml\include\sfml\system\clock.hpp(36): error C2334: unexpected token(s) preceding '{'; skipping apparent function body
c:\visualstudio\repos\tank_project\tankproject\sfml\include\sfml\system\sleep.hpp(35): error C2059: syntax error: 'namespace'
c:\visualstudio\repos\tank_project\tankproject\sfml\include\sfml\system\sleep.hpp(36): error C2334: unexpected token(s) preceding '{'; skipping apparent function body
c:\visualstudio\repos\tank_project\tankproject\sfml\include\sfml\network\ipaddress.hpp(38): error C2059: syntax error: 'namespace'
c:\visualstudio\repos\tank_project\tankproject\sfml\include\sfml\network\ipaddress.hpp(39): error C2334: unexpected token(s) preceding '{'; skipping apparent function body
c:\visualstudio\repos\tank_project\tankproject\sfml\include\sfml\network\tcplistener.hpp(36): error C2059: syntax error: 'namespace'
c:\visualstudio\repos\tank_project\tankproject\sfml\include\sfml\network\tcplistener.hpp(37): error C2334: unexpected token(s) preceding '{'; skipping apparent function body
c:\visualstudio\repos\tank_project\tankproject\tankproject\gameserver.hpp(33): error C2039: 'TcpSocket': is not a member of 'sf'
  c:\visualstudio\repos\tank_project\tankproject\tankproject\world.hpp(24): note: see declaration of 'sf'
c:\visualstudio\repos\tank_project\tankproject\tankproject\gameserver.hpp(33): error C3646: 'socket': unknown override specifier
c:\visualstudio\repos\tank_project\tankproject\tankproject\gameserver.hpp(33): error C4430: missing type specifier - int assumed. Note: C++ does not support default-int
c:\visualstudio\repos\tank_project\tankproject\tankproject\gameserver.hpp(60): error C2039: 'Packet': is not a member of 'sf'
  c:\visualstudio\repos\tank_project\tankproject\tankproject\world.hpp(24): note: see declaration of 'sf'
c:\visualstudio\repos\tank_project\tankproject\tankproject\gameserver.hpp(60): error C2061: syntax error: identifier 'Packet'
c:\visualstudio\repos\tank_project\tankproject\tankproject\gameserver.hpp(65): error C2039: 'TcpSocket': is not a member of 'sf'
  c:\visualstudio\repos\tank_project\tankproject\tankproject\world.hpp(24): note: see declaration of 'sf'
c:\visualstudio\repos\tank_project\tankproject\tankproject\gameserver.hpp(65): error C2061: syntax error: identifier 'TcpSocket'
c:\visualstudio\repos\tank_project\tankproject\tankproject\gameserver.hpp(67): error C2039: 'Packet': is not a member of 'sf'
  c:\visualstudio\repos\tank_project\tankproject\tankproject\world.hpp(24): note: see declaration of 'sf'
c:\visualstudio\repos\tank_project\tankproject\tankproject\gameserver.hpp(67): error C2061: syntax error: identifier 'Packet'
c:\visualstudio\repos\tank_project\tankproject\tankproject\gameserver.hpp(72): error C2039: 'Thread': is not a member of 'sf'
  c:\visualstudio\repos\tank_project\tankproject\tankproject\world.hpp(24): note: see declaration of 'sf'
c:\visualstudio\repos\tank_project\tankproject\tankproject\gameserver.hpp(72): error C3646: 'mThread': unknown override specifier
c:\visualstudio\repos\tank_project\tankproject\tankproject\gameserver.hpp(72): error C4430: missing type specifier - int assumed. Note: C++ does not support default-int
c:\visualstudio\repos\tank_project\tankproject\tankproject\gameserver.hpp(73): error C2039: 'Clock': is not a member of 'sf'
  c:\visualstudio\repos\tank_project\tankproject\tankproject\world.hpp(24): note: see declaration of 'sf'
c:\visualstudio\repos\tank_project\tankproject\tankproject\gameserver.hpp(73): error C3646: 'mClock': unknown override specifier
c:\visualstudio\repos\tank_project\tankproject\tankproject\gameserver.hpp(73): error C4430: missing type specifier - int assumed. Note: C++ does not support default-int
c:\visualstudio\repos\tank_project\tankproject\tankproject\gameserver.hpp(74): error C2039: 'TcpListener': is not a member of 'sf'
  c:\visualstudio\repos\tank_project\tankproject\tankproject\world.hpp(24): note: see declaration of 'sf'
c:\visualstudio\repos\tank_project\tankproject\tankproject\gameserver.hpp(74): error C3646: 'mListenerSocket': unknown override specifier
c:\visualstudio\repos\tank_project\tankproject\tankproject\gameserver.hpp(74): error C4430: missing type specifier - int assumed. Note: C++ does not support default-int
c:\visualstudio\repos\tank_project\tankproject\sfml\include\sfml\network\packet.hpp(36): error C2059: syntax error: 'namespace'
c:\visualstudio\repos\tank_project\tankproject\sfml\include\sfml\network\packet.hpp(37): error C2334: unexpected token(s) preceding '{'; skipping apparent function body
c:\visualstudio\repos\tank_project\tankproject\tankproject\multiplayergamestate.hpp(31): error C2039: 'Packet': is not a member of 'sf'
  c:\visualstudio\repos\tank_project\tankproject\tankproject\world.hpp(24): note: see declaration of 'sf'
c:\visualstudio\repos\tank_project\tankproject\tankproject\multiplayergamestate.hpp(31): error C2061: syntax error: identifier 'Packet'
c:\visualstudio\repos\tank_project\tankproject\tankproject\multiplayergamestate.hpp(39): error C2079: 'World::MultiplayerGameState::mWorld' uses undefined class 'World'
c:\visualstudio\repos\tank_project\tankproject\tankproject\multiplayergamestate.hpp(45): error C2039: 'TcpSocket': is not a member of 'sf'
  c:\visualstudio\repos\tank_project\tankproject\tankproject\world.hpp(24): note: see declaration of 'sf'
c:\visualstudio\repos\tank_project\tankproject\tankproject\multiplayergamestate.hpp(45): error C3646: 'mSocket': unknown override specifier
c:\visualstudio\repos\tank_project\tankproject\tankproject\multiplayergamestate.hpp(45): error C4430: missing type specifier - int assumed. Note: C++ does not support default-int
c:\visualstudio\repos\tank_project\tankproject\tankproject\multiplayergamestate.hpp(48): error C2039: 'Clock': is not a member of 'sf'
  c:\visualstudio\repos\tank_project\tankproject\tankproject\world.hpp(24): note: see declaration of 'sf'
c:\visualstudio\repos\tank_project\tankproject\tankproject\multiplayergamestate.hpp(48): error C3646: 'mTickClock': unknown override specifier
c:\visualstudio\repos\tank_project\tankproject\tankproject\multiplayergamestate.hpp(48): error C4430: missing type specifier - int assumed. Note: C++ does not support default-int
c:\visualstudio\repos\tank_project\tankproject\tankproject\multiplayergamestate.hpp(58): error C2039: 'Clock': is not a member of 'sf'
  c:\visualstudio\repos\tank_project\tankproject\tankproject\world.hpp(24): note: see declaration of 'sf'
c:\visualstudio\repos\tank_project\tankproject\tankproject\multiplayergamestate.hpp(58): error C3646: 'mFailedConnectionClock': unknown override specifier
c:\visualstudio\repos\tank_project\tankproject\tankproject\multiplayergamestate.hpp(58): error C4430: missing type specifier - int assumed. Note: C++ does not support default-int
c:\visualstudio\repos\tank_project\tankproject\sfml\include\sfml\system\mutex.hpp(35): error C2059: syntax error: 'namespace'
c:\visualstudio\repos\tank_project\tankproject\sfml\include\sfml\system\mutex.hpp(36): error C2334: unexpected token(s) preceding '{'; skipping apparent function body
c:\visualstudio\repos\tank_project\tankproject\sfml\include\sfml\audio\soundstream.hpp(39): error C2059: syntax error: 'namespace'
c:\visualstudio\repos\tank_project\tankproject\sfml\include\sfml\audio\soundstream.hpp(40): error C2334: unexpected token(s) preceding '{'; skipping apparent function body
c:\visualstudio\repos\tank_project\tankproject\sfml\include\sfml\audio\inputsoundfile.hpp(37): error C2059: syntax error: 'namespace'
c:\visualstudio\repos\tank_project\tankproject\sfml\include\sfml\audio\inputsoundfile.hpp(38): error C2334: unexpected token(s) preceding '{'; skipping apparent function body
c:\visualstudio\repos\tank_project\tankproject\sfml\include\sfml\audio\music.hpp(40): error C2059: syntax error: 'namespace'
c:\visualstudio\repos\tank_project\tankproject\sfml\include\sfml\audio\music.hpp(41): error C2334: unexpected token(s) preceding '{'; skipping apparent function body
c:\visualstudio\repos\tank_project\tankproject\tankproject\musicplayer.hpp(23): error C2039: 'Music': is not a member of 'sf'
  c:\visualstudio\repos\tank_project\tankproject\tankproject\world.hpp(24): note: see declaration of 'sf'
c:\visualstudio\repos\tank_project\tankproject\tankproject\musicplayer.hpp(23): error C3646: 'mMusic': unknown override specifier
c:\visualstudio\repos\tank_project\tankproject\tankproject\musicplayer.hpp(23): error C4430: missing type specifier - int assumed. Note: C++ does not support default-int
c:\program files (x86)\microsoft visual studio 14.0\vc\include\sstream(12): error C2059: syntax error: 'namespace'
c:\program files (x86)\microsoft visual studio 14.0\vc\include\sstream(12): error C2334: unexpected token(s) preceding '{'; skipping apparent function body
c:\visualstudio\repos\tank_project\tankproject\tankproject\utility.hpp(6): error C2059: syntax error: 'namespace'
c:\visualstudio\repos\tank_project\tankproject\tankproject\utility.hpp(7): error C2334: unexpected token(s) preceding '{'; skipping apparent function body
c:\visualstudio\repos\tank_project\tankproject\tankproject\utility.inl(8): error C2535: 'std::string World::toString(const T &)': member function already defined or declared
  c:\visualstudio\repos\tank_project\tankproject\tankproject\utility.hpp(17): note: see declaration of 'World::toString'
c:\visualstudio\repos\tank_project\tankproject\sfml\include\sfml\window\contextsettings.hpp(29): error C2059: syntax error: 'namespace'
c:\visualstudio\repos\tank_project\tankproject\sfml\include\sfml\window\contextsettings.hpp(30): error C2334: unexpected token(s) preceding '{'; skipping apparent function body
c:\visualstudio\repos\tank_project\tankproject\sfml\include\sfml\window\videomode.hpp(35): error C2059: syntax error: 'namespace'
c:\visualstudio\repos\tank_project\tankproject\sfml\include\sfml\window\videomode.hpp(36): error C2334: unexpected token(s) preceding '{'; skipping apparent function body
c:\visualstudio\repos\tank_project\tankproject\sfml\include\sfml\window\windowhandle.hpp(38): error C2059: syntax error: 'namespace'
c:\visualstudio\repos\tank_project\tankproject\sfml\include\sfml\window\windowhandle.hpp(39): error C2334: unexpected token(s) preceding '{'; skipping apparent function body
c:\visualstudio\repos\tank_project\tankproject\sfml\include\sfml\window\windowstyle.hpp(29): error C2059: syntax error: 'namespace'
c:\visualstudio\repos\tank_project\tankproject\sfml\include\sfml\window\windowstyle.hpp(30): error C2334: unexpected token(s) preceding '{'; skipping apparent function body
c:\visualstudio\repos\tank_project\tankproject\sfml\include\sfml\window\window.hpp(43): error C2059: syntax error: 'namespace'
c:\visualstudio\repos\tank_project\tankproject\sfml\include\sfml\window\window.hpp(43): fatal error C1003: error count exceeds 100; stopping compilation
  MenuState.cpp
  main.cpp
c:\visualstudio\repos\tank_project\tankproject\tankproject\category.hpp(21): error C2059: syntax error: '<<'
c:\visualstudio\repos\tank_project\tankproject\tankproject\category.hpp(21): error C3805: '<<': unexpected token, expected either '}' or a ','
  Label.cpp
  KeyBinding.cpp
  GameState.cpp
c:\visualstudio\repos\tank_project\tankproject\tankproject\category.hpp(21): error C2059: syntax error: '<<'
c:\visualstudio\repos\tank_project\tankproject\tankproject\category.hpp(21): error C3805: '<<': unexpected token, expected either '}' or a ','
c:\visualstudio\repos\tank_project\tankproject\tankproject\world.hpp(74): error C2059: syntax error: '<<'
c:\visualstudio\repos\tank_project\tankproject\tankproject\world.hpp(75): error C2238: unexpected token(s) preceding ';'
c:\visualstudio\repos\tank_project\tankproject\tankproject\world.hpp(76): error C2059: syntax error: '=='
c:\visualstudio\repos\tank_project\tankproject\tankproject\world.hpp(77): error C2238: unexpected token(s) preceding ';'
c:\visualstudio\repos\tank_project\tankproject\tankproject\world.hpp(78): error C2059: syntax error: '>>'
c:\visualstudio\repos\tank_project\tankproject\tankproject\world.hpp(80): error C2334: unexpected token(s) preceding ':'; skipping apparent function body
c:\visualstudio\repos\tank_project\tankproject\tankproject\keybinding.hpp(8): error C2059: syntax error: 'namespace'
c:\visualstudio\repos\tank_project\tankproject\tankproject\keybinding.hpp(9): error C2334: unexpected token(s) preceding '{'; skipping apparent function body
c:\visualstudio\repos\tank_project\tankproject\tankproject\keybinding.hpp(27): error C2653: 'PlayerAction': is not a class or namespace name
c:\visualstudio\repos\tank_project\tankproject\tankproject\keybinding.hpp(27): error C3646: 'Action': unknown override specifier
c:\visualstudio\repos\tank_project\tankproject\tankproject\keybinding.hpp(27): error C4430: missing type specifier - int assumed. Note: C++ does not support default-int
c:\visualstudio\repos\tank_project\tankproject\tankproject\keybinding.hpp(33): error C2061: syntax error: identifier 'Action'
c:\visualstudio\repos\tank_project\tankproject\tankproject\keybinding.hpp(34): error C2061: syntax error: identifier 'Action'
c:\visualstudio\repos\tank_project\tankproject\tankproject\keybinding.hpp(36): error C2061: syntax error: identifier 'Action'
c:\visualstudio\repos\tank_project\tankproject\tankproject\keybinding.hpp(37): error C2065: 'Action': undeclared identifier
c:\visualstudio\repos\tank_project\tankproject\tankproject\keybinding.hpp(37): error C2923: 'std::vector': 'Action' is not a valid template type argument for parameter '_Ty'
c:\visualstudio\repos\tank_project\tankproject\tankproject\keybinding.hpp(45): error C2065: 'Action': undeclared identifier
c:\visualstudio\repos\tank_project\tankproject\tankproject\keybinding.hpp(45): error C2923: 'std::map': 'Action' is not a valid template type argument for parameter '_Ty'
c:\visualstudio\repos\tank_project\tankproject\tankproject\keybinding.hpp(46): warning C4624: 'World::KeyBinding': destructor was implicitly defined as deleted
c:\visualstudio\repos\tank_project\tankproject\tankproject\keybinding.hpp(48): error C2653: 'PlayerAction': is not a class or namespace name
c:\visualstudio\repos\tank_project\tankproject\tankproject\keybinding.hpp(48): error C2061: syntax error: identifier 'Type'
c:\program files (x86)\windows kits\8.1\include\shared\basetsd.h(67): error C2059: syntax error: 'string'
c:\program files (x86)\windows kits\8.1\include\shared\basetsd.h(67): error C2334: unexpected token(s) preceding '{'; skipping apparent function body
c:\visualstudio\repos\tank_project\tankproject\sfml\include\sfml\network\sockethandle.hpp(38): error C2059: syntax error: 'namespace'
c:\visualstudio\repos\tank_project\tankproject\sfml\include\sfml\network\sockethandle.hpp(39): error C2334: unexpected token(s) preceding '{'; skipping apparent function body
c:\visualstudio\repos\tank_project\tankproject\sfml\include\sfml\network\socket.hpp(37): error C2059: syntax error: 'namespace'
c:\visualstudio\repos\tank_project\tankproject\sfml\include\sfml\network\socket.hpp(38): error C2334: unexpected token(s) preceding '{'; skipping apparent function body
c:\visualstudio\repos\tank_project\tankproject\sfml\include\sfml\network\tcpsocket.hpp(36): error C2059: syntax error: 'namespace'
c:\visualstudio\repos\tank_project\tankproject\sfml\include\sfml\network\tcpsocket.hpp(37): error C2334: unexpected token(s) preceding '{'; skipping apparent function body
c:\visualstudio\repos\tank_project\tankproject\tankproject\player.hpp(18): error C2653: 'PlayerAction': is not a class or namespace name
c:\visualstudio\repos\tank_project\tankproject\tankproject\player.hpp(18): error C3646: 'Action': unknown override specifier
c:\visualstudio\repos\tank_project\tankproject\tankproject\player.hpp(18): error C4430: missing type specifier - int assumed. Note: C++ does not support default-int
c:\visualstudio\repos\tank_project\tankproject\tankproject\player.hpp(29): error C2039: 'TcpSocket': is not a member of 'sf'
  c:\visualstudio\repos\tank_project\tankproject\tankproject\world.hpp(24): note: see declaration of 'sf'
c:\visualstudio\repos\tank_project\tankproject\tankproject\player.hpp(29): error C2061: syntax error: identifier 'TcpSocket'
c:\visualstudio\repos\tank_project\tankproject\tankproject\player.hpp(36): error C2061: syntax error: identifier 'Action'
c:\visualstudio\repos\tank_project\tankproject\tankproject\player.hpp(37): error C2061: syntax error: identifier 'Action'
c:\visualstudio\repos\tank_project\tankproject\tankproject\player.hpp(51): error C2065: 'Action': undeclared identifier
c:\visualstudio\repos\tank_project\tankproject\tankproject\player.hpp(51): error C2923: 'std::map': 'Action' is not a valid template type argument for parameter '_Kty'
c:\visualstudio\repos\tank_project\tankproject\tankproject\player.hpp(52): error C2065: 'Action': undeclared identifier
c:\visualstudio\repos\tank_project\tankproject\tankproject\player.hpp(52): error C2923: 'std::map': 'Action' is not a valid template type argument for parameter '_Kty'
c:\visualstudio\repos\tank_project\tankproject\tankproject\player.hpp(55): error C2039: 'TcpSocket': is not a member of 'sf'
  c:\visualstudio\repos\tank_project\tankproject\tankproject\world.hpp(24): note: see declaration of 'sf'
c:\visualstudio\repos\tank_project\tankproject\tankproject\player.hpp(55): error C2143: syntax error: missing ';' before '*'
c:\visualstudio\repos\tank_project\tankproject\tankproject\player.hpp(55): error C4430: missing type specifier - int assumed. Note: C++ does not support default-int
c:\visualstudio\repos\tank_project\tankproject\tankproject\player.hpp(55): error C2238: unexpected token(s) preceding ';'
c:\visualstudio\repos\tank_project\tankproject\tankproject\player.hpp(56): warning C4624: 'World::Player': destructor was implicitly defined as deleted
c:\visualstudio\repos\tank_project\tankproject\tankproject\gamestate.hpp(21): error C2079: 'World::GameState::mWorld' uses undefined class 'World'
c:\visualstudio\repos\tank_project\tankproject\tankproject\gamestate.hpp(23): warning C4624: 'World::GameState': destructor was implicitly defined as deleted
c:\visualstudio\repos\tank_project\tankproject\tankproject\gamestate.hpp(23): error C2282: 'World::GameState::~GameState' cannot override 'State::~State'
  c:\visualstudio\repos\tank_project\tankproject\tankproject\state.hpp(42): note: 'State::~State' is not deleted
c:\visualstudio\repos\tank_project\tankproject\sfml\include\sfml\system\thread.hpp(36): error C2059: syntax error: 'namespace'
c:\visualstudio\repos\tank_project\tankproject\sfml\include\sfml\system\thread.hpp(37): error C2334: unexpected token(s) preceding '{'; skipping apparent function body
c:\visualstudio\repos\tank_project\tankproject\sfml\include\sfml\system\mutex.hpp(35): error C2059: syntax error: 'namespace'
c:\visualstudio\repos\tank_project\tankproject\sfml\include\sfml\system\mutex.hpp(36): error C2334: unexpected token(s) preceding '{'; skipping apparent function body
c:\visualstudio\repos\tank_project\tankproject\sfml\include\sfml\audio\soundstream.hpp(39): error C2059: syntax error: 'namespace'
c:\visualstudio\repos\tank_project\tankproject\sfml\include\sfml\audio\soundstream.hpp(40): error C2334: unexpected token(s) preceding '{'; skipping apparent function body
c:\visualstudio\repos\tank_project\tankproject\sfml\include\sfml\audio\inputsoundfile.hpp(37): error C2059: syntax error: 'namespace'
c:\visualstudio\repos\tank_project\tankproject\sfml\include\sfml\audio\inputsoundfile.hpp(38): error C2334: unexpected token(s) preceding '{'; skipping apparent function body
c:\visualstudio\repos\tank_project\tankproject\sfml\include\sfml\audio\music.hpp(40): error C2059: syntax error: 'namespace'
c:\visualstudio\repos\tank_project\tankproject\sfml\include\sfml\audio\music.hpp(41): error C2334: unexpected token(s) preceding '{'; skipping apparent function body
c:\visualstudio\repos\tank_project\tankproject\tankproject\musicplayer.hpp(23): error C2039: 'Music': is not a member of 'sf'
  c:\visualstudio\repos\tank_project\tankproject\tankproject\world.hpp(24): note: see declaration of 'sf'
c:\visualstudio\repos\tank_project\tankproject\tankproject\musicplayer.hpp(23): error C3646: 'mMusic': unknown override specifier
c:\visualstudio\repos\tank_project\tankproject\tankproject\musicplayer.hpp(23): error C4430: missing type specifier - int assumed. Note: C++ does not support default-int
c:\visualstudio\repos\tank_project\tankproject\sfml\include\sfml\window\contextsettings.hpp(29): error C2059: syntax error: 'namespace'
c:\visualstudio\repos\tank_project\tankproject\sfml\include\sfml\window\contextsettings.hpp(30): error C2334: unexpected token(s) preceding '{'; skipping apparent function body
c:\visualstudio\repos\tank_project\tankproject\sfml\include\sfml\window\videomode.hpp(35): error C2059: syntax error: 'namespace'
c:\visualstudio\repos\tank_project\tankproject\sfml\include\sfml\window\videomode.hpp(36): error C2334: unexpected token(s) preceding '{'; skipping apparent function body
c:\visualstudio\repos\tank_project\tankproject\sfml\include\sfml\window\windowhandle.hpp(38): error C2059: syntax error: 'namespace'
c:\visualstudio\repos\tank_project\tankproject\sfml\include\sfml\window\windowhandle.hpp(39): error C2334: unexpected token(s) preceding '{'; skipping apparent function body
c:\visualstudio\repos\tank_project\tankproject\sfml\include\sfml\window\windowstyle.hpp(29): error C2059: syntax error: 'namespace'
c:\visualstudio\repos\tank_project\tankproject\sfml\include\sfml\window\windowstyle.hpp(30): error C2334: unexpected token(s) preceding '{'; skipping apparent function body
c:\visualstudio\repos\tank_project\tankproject\sfml\include\sfml\system\clock.hpp(35): error C2059: syntax error: 'namespace'
c:\visualstudio\repos\tank_project\tankproject\sfml\include\sfml\system\clock.hpp(36): error C2334: unexpected token(s) preceding '{'; skipping apparent function body
c:\visualstudio\repos\tank_project\tankproject\sfml\include\sfml\window\window.hpp(43): error C2059: syntax error: 'namespace'
c:\visualstudio\repos\tank_project\tankproject\sfml\include\sfml\window\window.hpp(44): error C2334: unexpected token(s) preceding '{'; skipping apparent function body
c:\visualstudio\repos\tank_project\tankproject\sfml\include\sfml\graphics\renderwindow.hpp(38): error C2059: syntax error: 'namespace'
c:\visualstudio\repos\tank_project\tankproject\sfml\include\sfml\graphics\renderwindow.hpp(39): error C2334: unexpected token(s) preceding '{'; skipping apparent function body
c:\visualstudio\repos\tank_project\tankproject\tankproject\gamestate.cpp(7): error C3254: 'World': class contains explicit override '{ctor}' but does not derive from an interface that contains the function declaration
c:\visualstudio\repos\tank_project\tankproject\tankproject\gamestate.cpp(7): error C2838: '{ctor}': illegal qualified name in member declaration
c:\visualstudio\repos\tank_project\tankproject\tankproject\gamestate.cpp(19): error C3254: 'World': class contains explicit override 'draw' but does not derive from an interface that contains the function declaration
c:\visualstudio\repos\tank_project\tankproject\tankproject\gamestate.cpp(19): error C2838: 'draw': illegal qualified name in member declaration
c:\visualstudio\repos\tank_project\tankproject\tankproject\gamestate.cpp(19): error C2535: 'void World::draw(void)': member function already defined or declared
  c:\visualstudio\repos\tank_project\tankproject\tankproject\world.hpp(36): note: see declaration of 'World::draw'
c:\visualstudio\repos\tank_project\tankproject\tankproject\gamestate.cpp(24): error C3254: 'World': class contains explicit override 'update' but does not derive from an interface that contains the function declaration
c:\visualstudio\repos\tank_project\tankproject\tankproject\gamestate.cpp(24): error C2838: 'update': illegal qualified name in member declaration
c:\visualstudio\repos\tank_project\tankproject\tankproject\gamestate.cpp(24): error C2556: 'bool World::update(sf::Time)': overloaded function differs only by return type from 'void World::update(sf::Time)'
  c:\visualstudio\repos\tank_project\tankproject\tankproject\world.hpp(35): note: see declaration of 'World::update'
c:\visualstudio\repos\tank_project\tankproject\tankproject\gamestate.cpp(24): error C2371: 'World::update': redefinition; different basic types
  c:\visualstudio\repos\tank_project\tankproject\tankproject\world.hpp(35): note: see declaration of 'World::update'
c:\visualstudio\repos\tank_project\tankproject\tankproject\gamestate.cpp(25): error C3927: '->': trailing return type is not allowed after a non-function declarator
c:\visualstudio\repos\tank_project\tankproject\tankproject\gamestate.cpp(25): error C3484: syntax error: expected '->' before the return type
c:\visualstudio\repos\tank_project\tankproject\tankproject\gamestate.cpp(25): error C3613: missing return type after '->' ('int' assumed)
c:\visualstudio\repos\tank_project\tankproject\tankproject\gamestate.cpp(25): error C3646: 'update': unknown override specifier
c:\visualstudio\repos\tank_project\tankproject\tankproject\gamestate.cpp(25): error C2059: syntax error: '('
c:\visualstudio\repos\tank_project\tankproject\tankproject\gamestate.cpp(25): error C2238: unexpected token(s) preceding ';'
c:\visualstudio\repos\tank_project\tankproject\tankproject\gamestate.cpp(27): error C2059: syntax error: 'if'
c:\visualstudio\repos\tank_project\tankproject\tankproject\gamestate.cpp(28): error C2334: unexpected token(s) preceding '{'; skipping apparent function body
c:\visualstudio\repos\tank_project\tankproject\tankproject\gamestate.cpp(32): error C2059: syntax error: 'else'
c:\visualstudio\repos\tank_project\tankproject\tankproject\gamestate.cpp(33): error C2334: unexpected token(s) preceding '{'; skipping apparent function body
c:\visualstudio\repos\tank_project\tankproject\tankproject\gamestate.cpp(39): error C3927: '->': trailing return type is not allowed after a non-function declarator
c:\visualstudio\repos\tank_project\tankproject\tankproject\gamestate.cpp(39): error C3484: syntax error: expected '->' before the return type
c:\visualstudio\repos\tank_project\tankproject\tankproject\gamestate.cpp(39): error C3613: missing return type after '->' ('int' assumed)
c:\visualstudio\repos\tank_project\tankproject\tankproject\gamestate.cpp(39): error C3646: 'handleRealtimeInput': unknown override specifier
c:\visualstudio\repos\tank_project\tankproject\tankproject\gamestate.cpp(39): error C2059: syntax error: '('
c:\visualstudio\repos\tank_project\tankproject\tankproject\gamestate.cpp(39): error C2238: unexpected token(s) preceding ';'
c:\visualstudio\repos\tank_project\tankproject\tankproject\gamestate.cpp(41): error C2059: syntax error: 'return'
c:\visualstudio\repos\tank_project\tankproject\tankproject\gamestate.cpp(41): error C2238: unexpected token(s) preceding ';'
c:\visualstudio\repos\tank_project\tankproject\tankproject\gamestate.cpp(44): error C2628: 'World' followed by 'bool' is illegal (did you forget a ';'?)
c:\visualstudio\repos\tank_project\tankproject\tankproject\gamestate.cpp(44): error C2653: 'GameState': is not a class or namespace name
c:\visualstudio\repos\tank_project\tankproject\tankproject\gamestate.cpp(47): error C2065: 'mWorld': undeclared identifier
c:\visualstudio\repos\tank_project\tankproject\tankproject\gamestate.cpp(47): error C2228: left of '.getCommandQueue' must have class/struct/union
c:\visualstudio\repos\tank_project\tankproject\tankproject\gamestate.cpp(47): fatal error C1003: error count exceeds 100; stopping compilation
  GameServer.cpp
c:\visualstudio\repos\tank_project\tankproject\tankproject\category.hpp(21): error C2059: syntax error: '<<'
c:\visualstudio\repos\tank_project\tankproject\tankproject\category.hpp(21): error C3805: '<<': unexpected token, expected either '}' or a ','
  GameOverState.cpp
c:\visualstudio\repos\tank_project\tankproject\tankproject\category.hpp(21): error C2059: syntax error: '<<'
c:\visualstudio\repos\tank_project\tankproject\tankproject\category.hpp(21): error C3805: '<<': unexpected token, expected either '}' or a ','
  Entity.cpp
c:\visualstudio\repos\tank_project\tankproject\tankproject\category.hpp(21): error C2059: syntax error: '<<'
c:\visualstudio\repos\tank_project\tankproject\tankproject\category.hpp(21): error C3805: '<<': unexpected token, expected either '}' or a ','
c:\visualstudio\repos\tank_project\tankproject\tankproject\entity.cpp(43): warning C4244: 'argument': conversion from 'double' to 'float', possible loss of data
  EmitterNode.cpp
c:\visualstudio\repos\tank_project\tankproject\tankproject\category.hpp(21): error C2059: syntax error: '<<'
c:\visualstudio\repos\tank_project\tankproject\tankproject\category.hpp(21): error C3805: '<<': unexpected token, expected either '}' or a ','
  DataTables.cpp
c:\visualstudio\repos\tank_project\tankproject\tankproject\category.hpp(21): error C2059: syntax error: '<<'
c:\visualstudio\repos\tank_project\tankproject\tankproject\category.hpp(21): error C3805: '<<': unexpected token, expected either '}' or a ','
  Container.cpp
  Component.cpp
  CommandQueue.cpp
c:\visualstudio\repos\tank_project\tankproject\tankproject\category.hpp(21): error C2059: syntax error: '<<'
c:\visualstudio\repos\tank_project\tankproject\tankproject\category.hpp(21): error C3805: '<<': unexpected token, expected either '}' or a ','
  Command.cpp
c:\visualstudio\repos\tank_project\tankproject\tankproject\category.hpp(21): error C2059: syntax error: '<<'
c:\visualstudio\repos\tank_project\tankproject\tankproject\category.hpp(21): error C3805: '<<': unexpected token, expected either '}' or a ','
  Button.cpp
  BloomEffect.cpp
  Base.cpp
c:\visualstudio\repos\tank_project\tankproject\tankproject\category.hpp(21): error C2059: syntax error: '<<'
c:\visualstudio\repos\tank_project\tankproject\tankproject\category.hpp(21): error C3805: '<<': unexpected token, expected either '}' or a ','
c:\visualstudio\repos\tank_project\tankproject\tankproject\base.cpp(105): error C2039: 'Base': is not a member of 'Category'
  c:\visualstudio\repos\tank_project\tankproject\tankproject\category.hpp(6): note: see declaration of 'Category'
c:\visualstudio\repos\tank_project\tankproject\tankproject\base.cpp(105): error C2275: 'Base': illegal use of this type as an expression
  Application.cpp
c:\visualstudio\repos\tank_project\tankproject\tankproject\category.hpp(21): error C2059: syntax error: '<<'
c:\visualstudio\repos\tank_project\tankproject\tankproject\category.hpp(21): error C3805: '<<': unexpected token, expected either '}' or a ','
c:\visualstudio\repos\tank_project\tankproject\tankproject\world.hpp(74): error C2059: syntax error: '<<'
c:\visualstudio\repos\tank_project\tankproject\tankproject\world.hpp(75): error C2238: unexpected token(s) preceding ';'
c:\visualstudio\repos\tank_project\tankproject\tankproject\world.hpp(76): error C2059: syntax error: '=='
c:\visualstudio\repos\tank_project\tankproject\tankproject\world.hpp(77): error C2238: unexpected token(s) preceding ';'
c:\visualstudio\repos\tank_project\tankproject\tankproject\world.hpp(78): error C2059: syntax error: '>>'
c:\visualstudio\repos\tank_project\tankproject\tankproject\world.hpp(80): error C2334: unexpected token(s) preceding ':'; skipping apparent function body
c:\visualstudio\repos\tank_project\tankproject\tankproject\gamestate.hpp(21): error C2079: 'World::GameState::mWorld' uses undefined class 'World'
c:\visualstudio\repos\tank_project\tankproject\sfml\include\sfml\system\sleep.hpp(35): error C2059: syntax error: 'namespace'
c:\visualstudio\repos\tank_project\tankproject\sfml\include\sfml\system\sleep.hpp(36): error C2334: unexpected token(s) preceding '{'; skipping apparent function body
c:\visualstudio\repos\tank_project\tankproject\sfml\include\sfml\network\ipaddress.hpp(38): error C2059: syntax error: 'namespace'
c:\visualstudio\repos\tank_project\tankproject\sfml\include\sfml\network\ipaddress.hpp(39): error C2334: unexpected token(s) preceding '{'; skipping apparent function body
c:\visualstudio\repos\tank_project\tankproject\sfml\include\sfml\network\tcplistener.hpp(36): error C2059: syntax error: 'namespace'
c:\visualstudio\repos\tank_project\tankproject\sfml\include\sfml\network\tcplistener.hpp(37): error C2334: unexpected token(s) preceding '{'; skipping apparent function body
c:\visualstudio\repos\tank_project\tankproject\tankproject\gameserver.hpp(74): error C2079: 'World::GameServer::mListenerSocket' uses undefined class 'sf::TcpListener'
c:\visualstudio\repos\tank_project\tankproject\sfml\include\sfml\network\packet.hpp(36): error C2059: syntax error: 'namespace'
c:\visualstudio\repos\tank_project\tankproject\sfml\include\sfml\network\packet.hpp(37): error C2334: unexpected token(s) preceding '{'; skipping apparent function body
c:\visualstudio\repos\tank_project\tankproject\tankproject\multiplayergamestate.hpp(39): error C2079: 'World::MultiplayerGameState::mWorld' uses undefined class 'World'
c:\visualstudio\repos\tank_project\tankproject\tankproject\component.hpp(9): error C2059: syntax error: 'namespace'
c:\visualstudio\repos\tank_project\tankproject\tankproject\component.hpp(10): error C2334: unexpected token(s) preceding '{'; skipping apparent function body
c:\visualstudio\repos\tank_project\tankproject\tankproject\component.hpp(14): error C2059: syntax error: 'namespace'
c:\visualstudio\repos\tank_project\tankproject\tankproject\component.hpp(15): error C2334: unexpected token(s) preceding '{'; skipping apparent function body
c:\visualstudio\repos\tank_project\tankproject\tankproject\container.hpp(8): error C2059: syntax error: 'namespace'
c:\visualstudio\repos\tank_project\tankproject\tankproject\container.hpp(9): error C2334: unexpected token(s) preceding '{'; skipping apparent function body
c:\visualstudio\repos\tank_project\tankproject\tankproject\menustate.hpp(19): error C2653: 'GUI': is not a class or namespace name
c:\visualstudio\repos\tank_project\tankproject\tankproject\menustate.hpp(19): error C3646: 'mGUIContainer': unknown override specifier
c:\visualstudio\repos\tank_project\tankproject\tankproject\menustate.hpp(19): error C4430: missing type specifier - int assumed. Note: C++ does not support default-int
c:\visualstudio\repos\tank_project\tankproject\tankproject\pausestate.hpp(23): error C2653: 'GUI': is not a class or namespace name
c:\visualstudio\repos\tank_project\tankproject\tankproject\pausestate.hpp(23): error C3646: 'mGUIContainer': unknown override specifier
c:\visualstudio\repos\tank_project\tankproject\tankproject\pausestate.hpp(23): error C4430: missing type specifier - int assumed. Note: C++ does not support default-int
c:\visualstudio\repos\tank_project\tankproject\tankproject\button.hpp(16): error C2059: syntax error: 'namespace'
c:\visualstudio\repos\tank_project\tankproject\tankproject\button.hpp(17): error C2334: unexpected token(s) preceding '{'; skipping apparent function body
c:\visualstudio\repos\tank_project\tankproject\tankproject\label.hpp(9): error C2059: syntax error: 'namespace'
c:\visualstudio\repos\tank_project\tankproject\tankproject\label.hpp(10): error C2334: unexpected token(s) preceding '{'; skipping apparent function body
c:\visualstudio\repos\tank_project\tankproject\tankproject\settingsstate.hpp(31): error C2653: 'GUI': is not a class or namespace name
c:\visualstudio\repos\tank_project\tankproject\tankproject\settingsstate.hpp(31): error C3646: 'mGUIContainer': unknown override specifier
c:\visualstudio\repos\tank_project\tankproject\tankproject\settingsstate.hpp(31): error C4430: missing type specifier - int assumed. Note: C++ does not support default-int
c:\visualstudio\repos\tank_project\tankproject\tankproject\settingsstate.hpp(32): error C2653: 'GUI': is not a class or namespace name
c:\visualstudio\repos\tank_project\tankproject\tankproject\settingsstate.hpp(33): error C2653: 'GUI': is not a class or namespace name
c:\visualstudio\repos\tank_project\tankproject\tankproject\application.cpp(15): error C2838: 'TimePerFrame': illegal qualified name in member declaration
c:\visualstudio\repos\tank_project\tankproject\tankproject\application.cpp(18): error C3254: 'World': class contains explicit override '{ctor}' but does not derive from an interface that contains the function declaration
c:\visualstudio\repos\tank_project\tankproject\tankproject\application.cpp(18): error C2838: '{ctor}': illegal qualified name in member declaration
c:\visualstudio\repos\tank_project\tankproject\tankproject\application.cpp(49): error C3254: 'World': class contains explicit override 'run' but does not derive from an interface that contains the function declaration
c:\visualstudio\repos\tank_project\tankproject\tankproject\application.cpp(49): error C2838: 'run': illegal qualified name in member declaration
c:\visualstudio\repos\tank_project\tankproject\tankproject\application.cpp(75): error C3254: 'World': class contains explicit override 'processInput' but does not derive from an interface that contains the function declaration
c:\visualstudio\repos\tank_project\tankproject\tankproject\application.cpp(75): error C2838: 'processInput': illegal qualified name in member declaration
c:\visualstudio\repos\tank_project\tankproject\tankproject\application.cpp(87): error C3254: 'World': class contains explicit override 'update' but does not derive from an interface that contains the function declaration
c:\visualstudio\repos\tank_project\tankproject\tankproject\application.cpp(87): error C2838: 'update': illegal qualified name in member declaration
c:\visualstudio\repos\tank_project\tankproject\tankproject\application.cpp(87): error C2535: 'void World::update(sf::Time)': member function already defined or declared
  c:\visualstudio\repos\tank_project\tankproject\tankproject\world.hpp(35): note: see declaration of 'World::update'
c:\visualstudio\repos\tank_project\tankproject\tankproject\application.cpp(92): error C3254: 'World': class contains explicit override 'render' but does not derive from an interface that contains the function declaration
c:\visualstudio\repos\tank_project\tankproject\tankproject\application.cpp(92): error C2838: 'render': illegal qualified name in member declaration
c:\visualstudio\repos\tank_project\tankproject\tankproject\application.cpp(104): error C3254: 'World': class contains explicit override 'updateStatistics' but does not derive from an interface that contains the function declaration
c:\visualstudio\repos\tank_project\tankproject\tankproject\application.cpp(104): error C2838: 'updateStatistics': illegal qualified name in member declaration
c:\visualstudio\repos\tank_project\tankproject\tankproject\application.cpp(117): error C3254: 'World': class contains explicit override 'registerStates' but does not derive from an interface that contains the function declaration
c:\visualstudio\repos\tank_project\tankproject\tankproject\application.cpp(117): error C2838: 'registerStates': illegal qualified name in member declaration
c:\visualstudio\repos\tank_project\tankproject\tankproject\application.cpp(129): fatal error C1004: unexpected end-of-file found
  Generating Code...
  Compiling...
  Animation.cpp
  Generating Code...
