c:\visualstudio\repos\tank_project\tankproject\tankproject\debug\vc140.pdb
c:\visualstudio\repos\tank_project\tankproject\tankproject\debug\vc140.idb
c:\visualstudio\repos\tank_project\tankproject\tankproject\debug\pausestate.obj
c:\visualstudio\repos\tank_project\tankproject\tankproject\debug\posteffect.obj
c:\visualstudio\repos\tank_project\tankproject\tankproject\debug\settingsstate.obj
c:\visualstudio\repos\tank_project\tankproject\tankproject\debug\soundplayer.obj
c:\visualstudio\repos\tank_project\tankproject\tankproject\debug\state.obj
c:\visualstudio\repos\tank_project\tankproject\tankproject\debug\statestack.obj
c:\visualstudio\repos\tank_project\tankproject\tankproject\debug\titlestate.obj
c:\visualstudio\repos\tank_project\tankproject\tankproject\debug\utility.obj
c:\visualstudio\repos\tank_project\tankproject\tankproject\debug\bloomeffect.obj
c:\visualstudio\repos\tank_project\tankproject\tankproject\debug\button.obj
c:\visualstudio\repos\tank_project\tankproject\tankproject\debug\component.obj
c:\visualstudio\repos\tank_project\tankproject\tankproject\debug\container.obj
c:\visualstudio\repos\tank_project\tankproject\tankproject\debug\keybinding.obj
c:\visualstudio\repos\tank_project\tankproject\tankproject\debug\label.obj
c:\visualstudio\repos\tank_project\tankproject\tankproject\debug\menustate.obj
c:\visualstudio\repos\tank_project\tankproject\tankproject\debug\musicplayer.obj
c:\visualstudio\repos\tank_project\tankproject\tankproject\debug\animation.obj
c:\visualstudio\repos\tank_project\tankproject\tankproject\debug\datatables.obj
c:\visualstudio\repos\tank_project\tankproject\tankproject\debug\emitternode.obj
c:\visualstudio\repos\tank_project\tankproject\tankproject\debug\entity.obj
c:\visualstudio\repos\tank_project\tankproject\tankproject\debug\gameoverstate.obj
c:\visualstudio\repos\tank_project\tankproject\tankproject\debug\gameserver.obj
c:\visualstudio\repos\tank_project\tankproject\tankproject\debug\networknode.obj
c:\visualstudio\repos\tank_project\tankproject\tankproject\debug\obstacle.obj
c:\visualstudio\repos\tank_project\tankproject\tankproject\debug\particlenode.obj
c:\visualstudio\repos\tank_project\tankproject\tankproject\debug\pickup.obj
c:\visualstudio\repos\tank_project\tankproject\tankproject\debug\player.obj
c:\visualstudio\repos\tank_project\tankproject\tankproject\debug\projectile.obj
c:\visualstudio\repos\tank_project\tankproject\tankproject\debug\scenenode.obj
c:\visualstudio\repos\tank_project\tankproject\tankproject\debug\soundnode.obj
c:\visualstudio\repos\tank_project\tankproject\tankproject\debug\spritenode.obj
c:\visualstudio\repos\tank_project\tankproject\tankproject\debug\tank.obj
c:\visualstudio\repos\tank_project\tankproject\tankproject\debug\textnode.obj
c:\visualstudio\repos\tank_project\tankproject\tankproject\debug\main.obj
c:\visualstudio\repos\tank_project\tankproject\tankproject\debug\base.obj
c:\visualstudio\repos\tank_project\tankproject\tankproject\debug\command.obj
c:\visualstudio\repos\tank_project\tankproject\tankproject\debug\commandqueue.obj
c:\visualstudio\repos\tank_project\tankproject\tankproject\debug\application.obj
c:\visualstudio\repos\tank_project\tankproject\tankproject\debug\gamestate.obj
c:\visualstudio\repos\tank_project\tankproject\tankproject\debug\multiplayergamestate.obj
c:\visualstudio\repos\tank_project\tankproject\tankproject\debug\world.obj
c:\visualstudio\repos\tank_project\tankproject\debug\tankproject.ilk
c:\visualstudio\repos\tank_project\tankproject\debug\tankproject.exe
c:\visualstudio\repos\tank_project\tankproject\debug\tankproject.pdb
c:\visualstudio\repos\tank_project\tankproject\tankproject\debug\tankproject.tlog\cl.command.1.tlog
c:\visualstudio\repos\tank_project\tankproject\tankproject\debug\tankproject.tlog\cl.read.1.tlog
c:\visualstudio\repos\tank_project\tankproject\tankproject\debug\tankproject.tlog\cl.write.1.tlog
c:\visualstudio\repos\tank_project\tankproject\tankproject\debug\tankproject.tlog\link.command.1.tlog
c:\visualstudio\repos\tank_project\tankproject\tankproject\debug\tankproject.tlog\link.read.1.tlog
c:\visualstudio\repos\tank_project\tankproject\tankproject\debug\tankproject.tlog\link.write.1.tlog
